{"C:\\Users\\steve\\dev\\heron-redux\\src\\App.js": {"path":"C:\\Users\\steve\\dev\\heron-redux\\src\\App.js","statementMap":{},"fnMap":{"0":{"name":"App","decl":{"start":{"line":5,"column":9},"end":{"line":5,"column":null}},"loc":{"start":{"line":5,"column":9},"end":{"line":13,"column":null}}}},"branchMap":{},"s":{},"f":{"0":0},"b":{}}
,"C:\\Users\\steve\\dev\\heron-redux\\src\\index.js": {"path":"C:\\Users\\steve\\dev\\heron-redux\\src\\index.js","statementMap":{"0":{"start":{"line":8,"column":13},"end":{"line":8,"column":null}},"1":{"start":{"line":18,"column":0},"end":{"line":18,"column":null}}},"fnMap":{},"branchMap":{},"s":{"0":0,"1":0},"f":{},"b":{}}
,"C:\\Users\\steve\\dev\\heron-redux\\src\\reportWebVitals.js": {"path":"C:\\Users\\steve\\dev\\heron-redux\\src\\reportWebVitals.js","statementMap":{"0":{"start":{"line":1,"column":24},"end":{"line":11,"column":null}},"1":{"start":{"line":2,"column":2},"end":{"line":10,"column":null}},"2":{"start":{"line":3,"column":4},"end":{"line":9,"column":null}},"3":{"start":{"line":4,"column":6},"end":{"line":4,"column":null}},"4":{"start":{"line":5,"column":6},"end":{"line":5,"column":null}},"5":{"start":{"line":6,"column":6},"end":{"line":6,"column":null}},"6":{"start":{"line":7,"column":6},"end":{"line":7,"column":null}},"7":{"start":{"line":8,"column":6},"end":{"line":8,"column":null}}},"fnMap":{"0":{"name":"(anonymous_0)","decl":{"start":{"line":1,"column":24},"end":{"line":1,"column":null}},"loc":{"start":{"line":1,"column":24},"end":{"line":11,"column":null}}},"1":{"name":"(anonymous_1)","decl":{"start":{"line":3,"column":30},"end":{"line":3,"column":31}},"loc":{"start":{"line":3,"column":74},"end":{"line":9,"column":null}}}},"branchMap":{"0":{"loc":{"start":{"line":2,"column":2},"end":{"line":10,"column":null}},"type":"if","locations":[{"start":{"line":2,"column":2},"end":{"line":10,"column":null}}]},"1":{"loc":{"start":{"line":2,"column":6},"end":{"line":2,"column":54}},"type":"binary-expr","locations":[{"start":{"line":2,"column":6},"end":{"line":2,"column":21}},{"start":{"line":2,"column":21},"end":{"line":2,"column":54}}]}},"s":{"0":0,"1":0,"2":0,"3":0,"4":0,"5":0,"6":0,"7":0},"f":{"0":0,"1":0},"b":{"0":[0],"1":[0,0]}}
,"C:\\Users\\steve\\dev\\heron-redux\\src\\store.js": {"path":"C:\\Users\\steve\\dev\\heron-redux\\src\\store.js","statementMap":{"0":{"start":{"line":42,"column":13},"end":{"line":42,"column":22}},"1":{"start":{"line":33,"column":13},"end":{"line":33,"column":18}},"2":{"start":{"line":1,"column":27},"end":{"line":1,"column":null}},"3":{"start":{"line":2,"column":48},"end":{"line":2,"column":null}},"4":{"start":{"line":12,"column":7},"end":{"line":12,"column":null}},"5":{"start":{"line":13,"column":21},"end":{"line":13,"column":null}},"6":{"start":{"line":14,"column":27},"end":{"line":14,"column":null}},"7":{"start":{"line":15,"column":27},"end":{"line":15,"column":null}},"8":{"start":{"line":16,"column":29},"end":{"line":16,"column":null}},"9":{"start":{"line":18,"column":22},"end":{"line":22,"column":null}},"10":{"start":{"line":24,"column":20},"end":{"line":29,"column":null}},"11":{"start":{"line":31,"column":25},"end":{"line":31,"column":null}},"12":{"start":{"line":33,"column":21},"end":{"line":41,"column":null}},"13":{"start":{"line":36,"column":4},"end":{"line":40,"column":null}},"14":{"start":{"line":42,"column":25},"end":{"line":42,"column":null}}},"fnMap":{"0":{"name":"(anonymous_4)","decl":{"start":{"line":35,"column":14},"end":{"line":35,"column":15}},"loc":{"start":{"line":36,"column":4},"end":{"line":40,"column":null}}}},"branchMap":{},"s":{"0":3,"1":1,"2":2,"3":2,"4":2,"5":2,"6":2,"7":2,"8":2,"9":2,"10":2,"11":2,"12":2,"13":2,"14":2},"f":{"0":2},"b":{}}
,"C:\\Users\\steve\\dev\\heron-redux\\src\\ApiService\\GlycoApiService\\glycoApiService.js": {"path":"C:\\Users\\steve\\dev\\heron-redux\\src\\ApiService\\GlycoApiService\\glycoApiService.js","statementMap":{"0":{"start":{"line":7,"column":33},"end":{"line":28,"column":1}},"1":{"start":{"line":9,"column":2},"end":{"line":27,"column":null}},"2":{"start":{"line":15,"column":16},"end":{"line":15,"column":null}},"3":{"start":{"line":16,"column":17},"end":{"line":16,"column":null}},"4":{"start":{"line":17,"column":4},"end":{"line":17,"column":null}},"5":{"start":{"line":18,"column":4},"end":{"line":18,"column":null}},"6":{"start":{"line":19,"column":4},"end":{"line":19,"column":null}},"7":{"start":{"line":20,"column":4},"end":{"line":20,"column":null}},"8":{"start":{"line":23,"column":6},"end":{"line":23,"column":null}},"9":{"start":{"line":24,"column":6},"end":{"line":24,"column":null}},"10":{"start":{"line":26,"column":4},"end":{"line":26,"column":null}}},"fnMap":{"0":{"name":"(anonymous_0)","decl":{"start":{"line":7,"column":33},"end":{"line":7,"column":34}},"loc":{"start":{"line":7,"column":34},"end":{"line":28,"column":1}}},"1":{"name":"(anonymous_1)","decl":{"start":{"line":14,"column":10},"end":{"line":14,"column":11}},"loc":{"start":{"line":14,"column":11},"end":{"line":25,"column":5}}},"2":{"name":"(anonymous_2)","decl":{"start":{"line":25,"column":11},"end":{"line":25,"column":12}},"loc":{"start":{"line":25,"column":12},"end":{"line":27,"column":null}}}},"branchMap":{},"s":{"0":0,"1":0,"2":0,"3":0,"4":0,"5":0,"6":0,"7":0,"8":0,"9":0,"10":0},"f":{"0":0,"1":0,"2":0},"b":{}}
,"C:\\Users\\steve\\dev\\heron-redux\\src\\components\\AveragesTable\\AveragesTable.jsx": {"path":"C:\\Users\\steve\\dev\\heron-redux\\src\\components\\AveragesTable\\AveragesTable.jsx","statementMap":{"0":{"start":{"line":7,"column":22},"end":{"line":115,"column":null}},"1":{"start":{"line":9,"column":40},"end":{"line":9,"column":null}},"2":{"start":{"line":10,"column":37},"end":{"line":13,"column":null}},"3":{"start":{"line":15,"column":23},"end":{"line":15,"column":null}},"4":{"start":{"line":15,"column":39},"end":{"line":15,"column":null}},"5":{"start":{"line":16,"column":25},"end":{"line":16,"column":null}},"6":{"start":{"line":16,"column":41},"end":{"line":16,"column":null}},"7":{"start":{"line":17,"column":22},"end":{"line":17,"column":null}},"8":{"start":{"line":17,"column":38},"end":{"line":17,"column":null}},"9":{"start":{"line":19,"column":23},"end":{"line":19,"column":null}},"10":{"start":{"line":19,"column":39},"end":{"line":19,"column":null}},"11":{"start":{"line":20,"column":25},"end":{"line":20,"column":null}},"12":{"start":{"line":20,"column":41},"end":{"line":20,"column":null}},"13":{"start":{"line":21,"column":22},"end":{"line":21,"column":null}},"14":{"start":{"line":21,"column":38},"end":{"line":21,"column":null}},"15":{"start":{"line":23,"column":18},"end":{"line":94,"column":null}},"16":{"start":{"line":26,"column":25},"end":{"line":26,"column":null}},"17":{"start":{"line":29,"column":39},"end":{"line":29,"column":null}},"18":{"start":{"line":33,"column":25},"end":{"line":33,"column":null}},"19":{"start":{"line":36,"column":39},"end":{"line":36,"column":null}},"20":{"start":{"line":41,"column":25},"end":{"line":41,"column":null}},"21":{"start":{"line":48,"column":18},"end":{"line":48,"column":null}},"22":{"start":{"line":53,"column":25},"end":{"line":53,"column":null}},"23":{"start":{"line":58,"column":39},"end":{"line":58,"column":null}},"24":{"start":{"line":62,"column":25},"end":{"line":62,"column":null}},"25":{"start":{"line":67,"column":39},"end":{"line":67,"column":null}},"26":{"start":{"line":71,"column":25},"end":{"line":71,"column":null}},"27":{"start":{"line":76,"column":39},"end":{"line":76,"column":null}},"28":{"start":{"line":80,"column":25},"end":{"line":80,"column":null}},"29":{"start":{"line":84,"column":39},"end":{"line":84,"column":null}},"30":{"start":{"line":88,"column":25},"end":{"line":88,"column":null}},"31":{"start":{"line":92,"column":39},"end":{"line":92,"column":null}},"32":{"start":{"line":99,"column":51},"end":{"line":99,"column":null}},"33":{"start":{"line":100,"column":60},"end":{"line":100,"column":null}}},"fnMap":{"0":{"name":"AveragesTable","decl":{"start":{"line":7,"column":37},"end":{"line":7,"column":51}},"loc":{"start":{"line":7,"column":81},"end":{"line":115,"column":null}}},"1":{"name":"(anonymous_1)","decl":{"start":{"line":15,"column":23},"end":{"line":15,"column":24}},"loc":{"start":{"line":15,"column":39},"end":{"line":15,"column":null}}},"2":{"name":"(anonymous_2)","decl":{"start":{"line":16,"column":25},"end":{"line":16,"column":26}},"loc":{"start":{"line":16,"column":41},"end":{"line":16,"column":null}}},"3":{"name":"(anonymous_3)","decl":{"start":{"line":17,"column":22},"end":{"line":17,"column":23}},"loc":{"start":{"line":17,"column":38},"end":{"line":17,"column":null}}},"4":{"name":"(anonymous_4)","decl":{"start":{"line":19,"column":23},"end":{"line":19,"column":24}},"loc":{"start":{"line":19,"column":39},"end":{"line":19,"column":null}}},"5":{"name":"(anonymous_5)","decl":{"start":{"line":20,"column":25},"end":{"line":20,"column":26}},"loc":{"start":{"line":20,"column":41},"end":{"line":20,"column":null}}},"6":{"name":"(anonymous_6)","decl":{"start":{"line":21,"column":22},"end":{"line":21,"column":23}},"loc":{"start":{"line":21,"column":38},"end":{"line":21,"column":null}}},"7":{"name":"(anonymous_7)","decl":{"start":{"line":26,"column":16},"end":{"line":26,"column":17}},"loc":{"start":{"line":26,"column":25},"end":{"line":26,"column":null}}},"8":{"name":"(anonymous_8)","decl":{"start":{"line":29,"column":29},"end":{"line":29,"column":30}},"loc":{"start":{"line":29,"column":39},"end":{"line":29,"column":null}}},"9":{"name":"(anonymous_9)","decl":{"start":{"line":33,"column":16},"end":{"line":33,"column":17}},"loc":{"start":{"line":33,"column":25},"end":{"line":33,"column":null}}},"10":{"name":"(anonymous_10)","decl":{"start":{"line":36,"column":29},"end":{"line":36,"column":30}},"loc":{"start":{"line":36,"column":39},"end":{"line":36,"column":null}}},"11":{"name":"(anonymous_11)","decl":{"start":{"line":41,"column":16},"end":{"line":41,"column":17}},"loc":{"start":{"line":41,"column":25},"end":{"line":41,"column":null}}},"12":{"name":"(anonymous_12)","decl":{"start":{"line":48,"column":8},"end":{"line":48,"column":9}},"loc":{"start":{"line":48,"column":18},"end":{"line":48,"column":null}}},"13":{"name":"(anonymous_13)","decl":{"start":{"line":53,"column":16},"end":{"line":53,"column":17}},"loc":{"start":{"line":53,"column":25},"end":{"line":53,"column":null}}},"14":{"name":"(anonymous_14)","decl":{"start":{"line":58,"column":29},"end":{"line":58,"column":30}},"loc":{"start":{"line":58,"column":39},"end":{"line":58,"column":null}}},"15":{"name":"(anonymous_15)","decl":{"start":{"line":62,"column":16},"end":{"line":62,"column":17}},"loc":{"start":{"line":62,"column":25},"end":{"line":62,"column":null}}},"16":{"name":"(anonymous_16)","decl":{"start":{"line":67,"column":29},"end":{"line":67,"column":30}},"loc":{"start":{"line":67,"column":39},"end":{"line":67,"column":null}}},"17":{"name":"(anonymous_17)","decl":{"start":{"line":71,"column":16},"end":{"line":71,"column":17}},"loc":{"start":{"line":71,"column":25},"end":{"line":71,"column":null}}},"18":{"name":"(anonymous_18)","decl":{"start":{"line":76,"column":29},"end":{"line":76,"column":30}},"loc":{"start":{"line":76,"column":39},"end":{"line":76,"column":null}}},"19":{"name":"(anonymous_19)","decl":{"start":{"line":80,"column":16},"end":{"line":80,"column":17}},"loc":{"start":{"line":80,"column":25},"end":{"line":80,"column":null}}},"20":{"name":"(anonymous_20)","decl":{"start":{"line":84,"column":29},"end":{"line":84,"column":30}},"loc":{"start":{"line":84,"column":39},"end":{"line":84,"column":null}}},"21":{"name":"(anonymous_21)","decl":{"start":{"line":88,"column":16},"end":{"line":88,"column":17}},"loc":{"start":{"line":88,"column":25},"end":{"line":88,"column":null}}},"22":{"name":"(anonymous_22)","decl":{"start":{"line":92,"column":29},"end":{"line":92,"column":30}},"loc":{"start":{"line":92,"column":39},"end":{"line":92,"column":null}}},"23":{"name":"(anonymous_23)","decl":{"start":{"line":99,"column":44},"end":{"line":99,"column":45}},"loc":{"start":{"line":99,"column":51},"end":{"line":99,"column":null}}},"24":{"name":"(anonymous_24)","decl":{"start":{"line":100,"column":54},"end":{"line":100,"column":60}},"loc":{"start":{"line":100,"column":60},"end":{"line":100,"column":null}}}},"branchMap":{},"s":{"0":0,"1":0,"2":0,"3":0,"4":0,"5":0,"6":0,"7":0,"8":0,"9":0,"10":0,"11":0,"12":0,"13":0,"14":0,"15":0,"16":0,"17":0,"18":0,"19":0,"20":0,"21":0,"22":0,"23":0,"24":0,"25":0,"26":0,"27":0,"28":0,"29":0,"30":0,"31":0,"32":0,"33":0},"f":{"0":0,"1":0,"2":0,"3":0,"4":0,"5":0,"6":0,"7":0,"8":0,"9":0,"10":0,"11":0,"12":0,"13":0,"14":0,"15":0,"16":0,"17":0,"18":0,"19":0,"20":0,"21":0,"22":0,"23":0,"24":0},"b":{}}
,"C:\\Users\\steve\\dev\\heron-redux\\src\\components\\AveragesTable\\AveragesTableSubheader.jsx": {"path":"C:\\Users\\steve\\dev\\heron-redux\\src\\components\\AveragesTable\\AveragesTableSubheader.jsx","statementMap":{"0":{"start":{"line":5,"column":18},"end":{"line":17,"column":null}},"1":{"start":{"line":23,"column":23},"end":{"line":23,"column":null}}},"fnMap":{"0":{"name":"AveragesTableSubheader","decl":{"start":{"line":4,"column":24},"end":{"line":4,"column":47}},"loc":{"start":{"line":4,"column":65},"end":{"line":27,"column":null}}},"1":{"name":"(anonymous_1)","decl":{"start":{"line":23,"column":16},"end":{"line":23,"column":17}},"loc":{"start":{"line":23,"column":23},"end":{"line":23,"column":null}}}},"branchMap":{},"s":{"0":0,"1":0},"f":{"0":0,"1":0},"b":{}}
,"C:\\Users\\steve\\dev\\heron-redux\\src\\components\\AveragesTable\\averageTableUtils.js": {"path":"C:\\Users\\steve\\dev\\heron-redux\\src\\components\\AveragesTable\\averageTableUtils.js","statementMap":{"0":{"start":{"line":4,"column":25},"end":{"line":37,"column":2}},"1":{"start":{"line":5,"column":20},"end":{"line":5,"column":null}},"2":{"start":{"line":7,"column":18},"end":{"line":7,"column":20}},"3":{"start":{"line":8,"column":2},"end":{"line":25,"column":null}},"4":{"start":{"line":9,"column":16},"end":{"line":23,"column":null}},"5":{"start":{"line":24,"column":4},"end":{"line":24,"column":null}},"6":{"start":{"line":27,"column":20},"end":{"line":27,"column":null}},"7":{"start":{"line":29,"column":16},"end":{"line":29,"column":null}},"8":{"start":{"line":31,"column":15},"end":{"line":31,"column":null}},"9":{"start":{"line":33,"column":17},"end":{"line":33,"column":null}},"10":{"start":{"line":34,"column":2},"end":{"line":34,"column":null}},"11":{"start":{"line":35,"column":2},"end":{"line":35,"column":null}}},"fnMap":{"0":{"name":"(anonymous_0)","decl":{"start":{"line":4,"column":25},"end":{"line":4,"column":26}},"loc":{"start":{"line":4,"column":26},"end":{"line":37,"column":2}}},"1":{"name":"(anonymous_1)","decl":{"start":{"line":8,"column":20},"end":{"line":8,"column":21}},"loc":{"start":{"line":8,"column":21},"end":{"line":25,"column":null}}}},"branchMap":{},"s":{"0":0,"1":0,"2":0,"3":0,"4":0,"5":0,"6":0,"7":0,"8":0,"9":0,"10":0,"11":0},"f":{"0":0,"1":0},"b":{}}
,"C:\\Users\\steve\\dev\\heron-redux\\src\\components\\DataTable\\DataTable.jsx": {"path":"C:\\Users\\steve\\dev\\heron-redux\\src\\components\\DataTable\\DataTable.jsx","statementMap":{"0":{"start":{"line":6,"column":24},"end":{"line":139,"column":null}},"1":{"start":{"line":7,"column":34},"end":{"line":7,"column":null}},"2":{"start":{"line":8,"column":37},"end":{"line":11,"column":null}},"3":{"start":{"line":13,"column":20},"end":{"line":13,"column":null}},"4":{"start":{"line":13,"column":30},"end":{"line":13,"column":null}},"5":{"start":{"line":15,"column":28},"end":{"line":16,"column":53}},"6":{"start":{"line":16,"column":4},"end":{"line":16,"column":53}},"7":{"start":{"line":18,"column":28},"end":{"line":29,"column":null}},"8":{"start":{"line":19,"column":14},"end":{"line":19,"column":null}},"9":{"start":{"line":20,"column":14},"end":{"line":20,"column":null}},"10":{"start":{"line":22,"column":4},"end":{"line":24,"column":null}},"11":{"start":{"line":23,"column":6},"end":{"line":23,"column":null}},"12":{"start":{"line":25,"column":4},"end":{"line":27,"column":null}},"13":{"start":{"line":26,"column":6},"end":{"line":26,"column":null}},"14":{"start":{"line":28,"column":4},"end":{"line":28,"column":null}},"15":{"start":{"line":31,"column":24},"end":{"line":42,"column":null}},"16":{"start":{"line":32,"column":14},"end":{"line":32,"column":null}},"17":{"start":{"line":33,"column":14},"end":{"line":33,"column":null}},"18":{"start":{"line":35,"column":4},"end":{"line":37,"column":null}},"19":{"start":{"line":36,"column":6},"end":{"line":36,"column":null}},"20":{"start":{"line":38,"column":4},"end":{"line":40,"column":null}},"21":{"start":{"line":39,"column":6},"end":{"line":39,"column":null}},"22":{"start":{"line":41,"column":4},"end":{"line":41,"column":null}},"23":{"start":{"line":44,"column":18},"end":{"line":118,"column":null}},"24":{"start":{"line":47,"column":25},"end":{"line":47,"column":null}},"25":{"start":{"line":49,"column":36},"end":{"line":49,"column":null}},"26":{"start":{"line":53,"column":25},"end":{"line":53,"column":null}},"27":{"start":{"line":56,"column":36},"end":{"line":56,"column":null}},"28":{"start":{"line":60,"column":25},"end":{"line":60,"column":56}},"29":{"start":{"line":65,"column":36},"end":{"line":65,"column":null}},"30":{"start":{"line":69,"column":25},"end":{"line":69,"column":54}},"31":{"start":{"line":73,"column":36},"end":{"line":73,"column":null}},"32":{"start":{"line":77,"column":25},"end":{"line":77,"column":null}},"33":{"start":{"line":79,"column":36},"end":{"line":79,"column":null}},"34":{"start":{"line":83,"column":25},"end":{"line":83,"column":null}},"35":{"start":{"line":87,"column":36},"end":{"line":87,"column":null}},"36":{"start":{"line":91,"column":25},"end":{"line":91,"column":null}},"37":{"start":{"line":95,"column":36},"end":{"line":95,"column":null}},"38":{"start":{"line":102,"column":25},"end":{"line":102,"column":49}},"39":{"start":{"line":106,"column":36},"end":{"line":106,"column":null}},"40":{"start":{"line":110,"column":25},"end":{"line":110,"column":null}},"41":{"start":{"line":111,"column":36},"end":{"line":111,"column":null}},"42":{"start":{"line":120,"column":24},"end":{"line":122,"column":null}},"43":{"start":{"line":121,"column":10},"end":{"line":122,"column":6}},"44":{"start":{"line":121,"column":49},"end":{"line":121,"column":null}},"45":{"start":{"line":125,"column":2},"end":{"line":130,"column":null}}},"fnMap":{"0":{"name":"CustomDataTable","decl":{"start":{"line":6,"column":39},"end":{"line":6,"column":55}},"loc":{"start":{"line":6,"column":83},"end":{"line":139,"column":null}}},"1":{"name":"(anonymous_1)","decl":{"start":{"line":13,"column":20},"end":{"line":13,"column":21}},"loc":{"start":{"line":13,"column":30},"end":{"line":13,"column":null}}},"2":{"name":"(anonymous_2)","decl":{"start":{"line":15,"column":28},"end":{"line":15,"column":29}},"loc":{"start":{"line":16,"column":4},"end":{"line":16,"column":53}}},"3":{"name":"(anonymous_3)","decl":{"start":{"line":18,"column":28},"end":{"line":18,"column":29}},"loc":{"start":{"line":18,"column":35},"end":{"line":29,"column":null}}},"4":{"name":"(anonymous_4)","decl":{"start":{"line":31,"column":24},"end":{"line":31,"column":25}},"loc":{"start":{"line":31,"column":31},"end":{"line":42,"column":null}}},"5":{"name":"(anonymous_5)","decl":{"start":{"line":47,"column":16},"end":{"line":47,"column":17}},"loc":{"start":{"line":47,"column":25},"end":{"line":47,"column":null}}},"6":{"name":"(anonymous_6)","decl":{"start":{"line":49,"column":26},"end":{"line":49,"column":27}},"loc":{"start":{"line":49,"column":36},"end":{"line":49,"column":null}}},"7":{"name":"(anonymous_7)","decl":{"start":{"line":53,"column":16},"end":{"line":53,"column":17}},"loc":{"start":{"line":53,"column":25},"end":{"line":53,"column":null}}},"8":{"name":"(anonymous_8)","decl":{"start":{"line":56,"column":26},"end":{"line":56,"column":27}},"loc":{"start":{"line":56,"column":36},"end":{"line":56,"column":null}}},"9":{"name":"(anonymous_9)","decl":{"start":{"line":60,"column":16},"end":{"line":60,"column":17}},"loc":{"start":{"line":60,"column":25},"end":{"line":60,"column":56}}},"10":{"name":"(anonymous_10)","decl":{"start":{"line":65,"column":26},"end":{"line":65,"column":27}},"loc":{"start":{"line":65,"column":36},"end":{"line":65,"column":null}}},"11":{"name":"(anonymous_11)","decl":{"start":{"line":69,"column":16},"end":{"line":69,"column":17}},"loc":{"start":{"line":69,"column":25},"end":{"line":69,"column":54}}},"12":{"name":"(anonymous_12)","decl":{"start":{"line":73,"column":26},"end":{"line":73,"column":27}},"loc":{"start":{"line":73,"column":36},"end":{"line":73,"column":null}}},"13":{"name":"(anonymous_13)","decl":{"start":{"line":77,"column":16},"end":{"line":77,"column":17}},"loc":{"start":{"line":77,"column":25},"end":{"line":77,"column":null}}},"14":{"name":"(anonymous_14)","decl":{"start":{"line":79,"column":26},"end":{"line":79,"column":27}},"loc":{"start":{"line":79,"column":36},"end":{"line":79,"column":null}}},"15":{"name":"(anonymous_15)","decl":{"start":{"line":83,"column":16},"end":{"line":83,"column":17}},"loc":{"start":{"line":83,"column":25},"end":{"line":83,"column":null}}},"16":{"name":"(anonymous_16)","decl":{"start":{"line":87,"column":26},"end":{"line":87,"column":27}},"loc":{"start":{"line":87,"column":36},"end":{"line":87,"column":null}}},"17":{"name":"(anonymous_17)","decl":{"start":{"line":91,"column":16},"end":{"line":91,"column":17}},"loc":{"start":{"line":91,"column":25},"end":{"line":91,"column":null}}},"18":{"name":"(anonymous_18)","decl":{"start":{"line":95,"column":26},"end":{"line":95,"column":27}},"loc":{"start":{"line":95,"column":36},"end":{"line":95,"column":null}}},"19":{"name":"(anonymous_19)","decl":{"start":{"line":102,"column":16},"end":{"line":102,"column":17}},"loc":{"start":{"line":102,"column":25},"end":{"line":102,"column":49}}},"20":{"name":"(anonymous_20)","decl":{"start":{"line":106,"column":26},"end":{"line":106,"column":27}},"loc":{"start":{"line":106,"column":36},"end":{"line":106,"column":null}}},"21":{"name":"(anonymous_21)","decl":{"start":{"line":110,"column":16},"end":{"line":110,"column":17}},"loc":{"start":{"line":110,"column":25},"end":{"line":110,"column":null}}},"22":{"name":"(anonymous_22)","decl":{"start":{"line":111,"column":26},"end":{"line":111,"column":27}},"loc":{"start":{"line":111,"column":36},"end":{"line":111,"column":null}}},"23":{"name":"(anonymous_23)","decl":{"start":{"line":121,"column":4},"end":{"line":121,"column":10}},"loc":{"start":{"line":121,"column":10},"end":{"line":122,"column":6}}},"24":{"name":"(anonymous_24)","decl":{"start":{"line":121,"column":42},"end":{"line":121,"column":43}},"loc":{"start":{"line":121,"column":49},"end":{"line":121,"column":null}}}},"branchMap":{"0":{"loc":{"start":{"line":22,"column":4},"end":{"line":24,"column":null}},"type":"if","locations":[{"start":{"line":22,"column":4},"end":{"line":24,"column":null}}]},"1":{"loc":{"start":{"line":25,"column":4},"end":{"line":27,"column":null}},"type":"if","locations":[{"start":{"line":25,"column":4},"end":{"line":27,"column":null}}]},"2":{"loc":{"start":{"line":35,"column":4},"end":{"line":37,"column":null}},"type":"if","locations":[{"start":{"line":35,"column":4},"end":{"line":37,"column":null}}]},"3":{"loc":{"start":{"line":38,"column":4},"end":{"line":40,"column":null}},"type":"if","locations":[{"start":{"line":38,"column":4},"end":{"line":40,"column":null}}]}},"s":{"0":0,"1":0,"2":0,"3":0,"4":0,"5":0,"6":0,"7":0,"8":0,"9":0,"10":0,"11":0,"12":0,"13":0,"14":0,"15":0,"16":0,"17":0,"18":0,"19":0,"20":0,"21":0,"22":0,"23":0,"24":0,"25":0,"26":0,"27":0,"28":0,"29":0,"30":0,"31":0,"32":0,"33":0,"34":0,"35":0,"36":0,"37":0,"38":0,"39":0,"40":0,"41":0,"42":0,"43":0,"44":0,"45":0},"f":{"0":0,"1":0,"2":0,"3":0,"4":0,"5":0,"6":0,"7":0,"8":0,"9":0,"10":0,"11":0,"12":0,"13":0,"14":0,"15":0,"16":0,"17":0,"18":0,"19":0,"20":0,"21":0,"22":0,"23":0,"24":0},"b":{"0":[0],"1":[0],"2":[0],"3":[0]}}
,"C:\\Users\\steve\\dev\\heron-redux\\src\\components\\Dropdown\\Dropdown.jsx": {"path":"C:\\Users\\steve\\dev\\heron-redux\\src\\components\\Dropdown\\Dropdown.jsx","statementMap":{"0":{"start":{"line":3,"column":24},"end":{"line":3,"column":33}},"1":{"start":{"line":1,"column":25},"end":{"line":1,"column":null}},"2":{"start":{"line":2,"column":7},"end":{"line":2,"column":null}},"3":{"start":{"line":10,"column":25},"end":{"line":10,"column":52}}},"fnMap":{"0":{"name":"Dropdown","decl":{"start":{"line":3,"column":24},"end":{"line":3,"column":33}},"loc":{"start":{"line":3,"column":54},"end":{"line":14,"column":null}}},"1":{"name":"(anonymous_2)","decl":{"start":{"line":10,"column":15},"end":{"line":10,"column":16}},"loc":{"start":{"line":10,"column":25},"end":{"line":10,"column":52}}}},"branchMap":{"0":{"loc":{"start":{"line":8,"column":21},"end":{"line":8,"column":71}},"type":"cond-expr","locations":[{"start":{"line":8,"column":41},"end":{"line":8,"column":59}},{"start":{"line":8,"column":59},"end":{"line":8,"column":71}}]}},"s":{"0":8,"1":2,"2":2,"3":24},"f":{"0":8,"1":24},"b":{"0":[4,4]}}
,"C:\\Users\\steve\\dev\\heron-redux\\src\\components\\ExportButton\\ExportButton.jsx": {"path":"C:\\Users\\steve\\dev\\heron-redux\\src\\components\\ExportButton\\ExportButton.jsx","statementMap":{"0":{"start":{"line":6,"column":60},"end":{"line":6,"column":null}}},"fnMap":{"0":{"name":"ExportButton","decl":{"start":{"line":3,"column":24},"end":{"line":3,"column":37}},"loc":{"start":{"line":3,"column":61},"end":{"line":10,"column":null}}},"1":{"name":"(anonymous_1)","decl":{"start":{"line":6,"column":54},"end":{"line":6,"column":60}},"loc":{"start":{"line":6,"column":60},"end":{"line":6,"column":null}}}},"branchMap":{},"s":{"0":0},"f":{"0":0,"1":0},"b":{}}
,"C:\\Users\\steve\\dev\\heron-redux\\src\\components\\GlycoDataTable\\GlycoDataTable.jsx": {"path":"C:\\Users\\steve\\dev\\heron-redux\\src\\components\\GlycoDataTable\\GlycoDataTable.jsx","statementMap":{"0":{"start":{"line":8,"column":23},"end":{"line":109,"column":null}},"1":{"start":{"line":12,"column":40},"end":{"line":12,"column":null}},"2":{"start":{"line":14,"column":37},"end":{"line":17,"column":null}},"3":{"start":{"line":19,"column":18},"end":{"line":85,"column":null}},"4":{"start":{"line":22,"column":25},"end":{"line":22,"column":44}},"5":{"start":{"line":25,"column":39},"end":{"line":25,"column":null}},"6":{"start":{"line":29,"column":25},"end":{"line":29,"column":46}},"7":{"start":{"line":32,"column":39},"end":{"line":32,"column":null}},"8":{"start":{"line":36,"column":25},"end":{"line":36,"column":48}},"9":{"start":{"line":39,"column":39},"end":{"line":39,"column":null}},"10":{"start":{"line":43,"column":25},"end":{"line":43,"column":38}},"11":{"start":{"line":46,"column":39},"end":{"line":46,"column":null}},"12":{"start":{"line":50,"column":25},"end":{"line":50,"column":42}},"13":{"start":{"line":53,"column":39},"end":{"line":53,"column":null}},"14":{"start":{"line":57,"column":25},"end":{"line":57,"column":49}},"15":{"start":{"line":60,"column":39},"end":{"line":60,"column":null}},"16":{"start":{"line":64,"column":25},"end":{"line":64,"column":50}},"17":{"start":{"line":67,"column":39},"end":{"line":67,"column":null}},"18":{"start":{"line":71,"column":25},"end":{"line":71,"column":55}},"19":{"start":{"line":75,"column":18},"end":{"line":75,"column":null}},"20":{"start":{"line":80,"column":25},"end":{"line":80,"column":51}},"21":{"start":{"line":83,"column":39},"end":{"line":83,"column":null}},"22":{"start":{"line":90,"column":56},"end":{"line":90,"column":null}},"23":{"start":{"line":93,"column":26},"end":{"line":93,"column":null}}},"fnMap":{"0":{"name":"GlycoDataTable","decl":{"start":{"line":8,"column":37},"end":{"line":8,"column":52}},"loc":{"start":{"line":11,"column":1},"end":{"line":109,"column":null}}},"1":{"name":"(anonymous_1)","decl":{"start":{"line":22,"column":16},"end":{"line":22,"column":17}},"loc":{"start":{"line":22,"column":25},"end":{"line":22,"column":44}}},"2":{"name":"(anonymous_2)","decl":{"start":{"line":25,"column":29},"end":{"line":25,"column":30}},"loc":{"start":{"line":25,"column":39},"end":{"line":25,"column":null}}},"3":{"name":"(anonymous_3)","decl":{"start":{"line":29,"column":16},"end":{"line":29,"column":17}},"loc":{"start":{"line":29,"column":25},"end":{"line":29,"column":46}}},"4":{"name":"(anonymous_4)","decl":{"start":{"line":32,"column":29},"end":{"line":32,"column":30}},"loc":{"start":{"line":32,"column":39},"end":{"line":32,"column":null}}},"5":{"name":"(anonymous_5)","decl":{"start":{"line":36,"column":16},"end":{"line":36,"column":17}},"loc":{"start":{"line":36,"column":25},"end":{"line":36,"column":48}}},"6":{"name":"(anonymous_6)","decl":{"start":{"line":39,"column":29},"end":{"line":39,"column":30}},"loc":{"start":{"line":39,"column":39},"end":{"line":39,"column":null}}},"7":{"name":"(anonymous_7)","decl":{"start":{"line":43,"column":16},"end":{"line":43,"column":17}},"loc":{"start":{"line":43,"column":25},"end":{"line":43,"column":38}}},"8":{"name":"(anonymous_8)","decl":{"start":{"line":46,"column":29},"end":{"line":46,"column":30}},"loc":{"start":{"line":46,"column":39},"end":{"line":46,"column":null}}},"9":{"name":"(anonymous_9)","decl":{"start":{"line":50,"column":16},"end":{"line":50,"column":17}},"loc":{"start":{"line":50,"column":25},"end":{"line":50,"column":42}}},"10":{"name":"(anonymous_10)","decl":{"start":{"line":53,"column":29},"end":{"line":53,"column":30}},"loc":{"start":{"line":53,"column":39},"end":{"line":53,"column":null}}},"11":{"name":"(anonymous_11)","decl":{"start":{"line":57,"column":16},"end":{"line":57,"column":17}},"loc":{"start":{"line":57,"column":25},"end":{"line":57,"column":49}}},"12":{"name":"(anonymous_12)","decl":{"start":{"line":60,"column":29},"end":{"line":60,"column":30}},"loc":{"start":{"line":60,"column":39},"end":{"line":60,"column":null}}},"13":{"name":"(anonymous_13)","decl":{"start":{"line":64,"column":16},"end":{"line":64,"column":17}},"loc":{"start":{"line":64,"column":25},"end":{"line":64,"column":50}}},"14":{"name":"(anonymous_14)","decl":{"start":{"line":67,"column":29},"end":{"line":67,"column":30}},"loc":{"start":{"line":67,"column":39},"end":{"line":67,"column":null}}},"15":{"name":"(anonymous_15)","decl":{"start":{"line":71,"column":16},"end":{"line":71,"column":17}},"loc":{"start":{"line":71,"column":25},"end":{"line":71,"column":55}}},"16":{"name":"(anonymous_16)","decl":{"start":{"line":75,"column":8},"end":{"line":75,"column":9}},"loc":{"start":{"line":75,"column":18},"end":{"line":75,"column":null}}},"17":{"name":"(anonymous_17)","decl":{"start":{"line":80,"column":16},"end":{"line":80,"column":17}},"loc":{"start":{"line":80,"column":25},"end":{"line":80,"column":51}}},"18":{"name":"(anonymous_18)","decl":{"start":{"line":83,"column":29},"end":{"line":83,"column":30}},"loc":{"start":{"line":83,"column":39},"end":{"line":83,"column":null}}},"19":{"name":"(anonymous_19)","decl":{"start":{"line":90,"column":49},"end":{"line":90,"column":50}},"loc":{"start":{"line":90,"column":56},"end":{"line":90,"column":null}}},"20":{"name":"(anonymous_20)","decl":{"start":{"line":93,"column":20},"end":{"line":93,"column":26}},"loc":{"start":{"line":93,"column":26},"end":{"line":93,"column":null}}}},"branchMap":{},"s":{"0":0,"1":0,"2":0,"3":0,"4":0,"5":0,"6":0,"7":0,"8":0,"9":0,"10":0,"11":0,"12":0,"13":0,"14":0,"15":0,"16":0,"17":0,"18":0,"19":0,"20":0,"21":0,"22":0,"23":0},"f":{"0":0,"1":0,"2":0,"3":0,"4":0,"5":0,"6":0,"7":0,"8":0,"9":0,"10":0,"11":0,"12":0,"13":0,"14":0,"15":0,"16":0,"17":0,"18":0,"19":0,"20":0},"b":{}}
,"C:\\Users\\steve\\dev\\heron-redux\\src\\components\\GlycoDataTable\\GlycoDataTableSubheader.jsx": {"path":"C:\\Users\\steve\\dev\\heron-redux\\src\\components\\GlycoDataTable\\GlycoDataTableSubheader.jsx","statementMap":{"0":{"start":{"line":5,"column":16},"end":{"line":18,"column":null}},"1":{"start":{"line":24,"column":21},"end":{"line":24,"column":null}}},"fnMap":{"0":{"name":"GlycoDataTableSubheader","decl":{"start":{"line":4,"column":24},"end":{"line":4,"column":48}},"loc":{"start":{"line":4,"column":64},"end":{"line":29,"column":null}}},"1":{"name":"(anonymous_1)","decl":{"start":{"line":24,"column":14},"end":{"line":24,"column":15}},"loc":{"start":{"line":24,"column":21},"end":{"line":24,"column":null}}}},"branchMap":{},"s":{"0":0,"1":0},"f":{"0":0,"1":0},"b":{}}
,"C:\\Users\\steve\\dev\\heron-redux\\src\\components\\GlycoDataTable\\glycoTableUtils.js": {"path":"C:\\Users\\steve\\dev\\heron-redux\\src\\components\\GlycoDataTable\\glycoTableUtils.js","statementMap":{"0":{"start":{"line":4,"column":27},"end":{"line":6,"column":1}},"1":{"start":{"line":5,"column":2},"end":{"line":5,"column":null}}},"fnMap":{"0":{"name":"(anonymous_0)","decl":{"start":{"line":4,"column":27},"end":{"line":4,"column":28}},"loc":{"start":{"line":4,"column":28},"end":{"line":6,"column":1}}}},"branchMap":{},"s":{"0":0,"1":0},"f":{"0":0},"b":{}}
,"C:\\Users\\steve\\dev\\heron-redux\\src\\components\\Header\\Header.jsx": {"path":"C:\\Users\\steve\\dev\\heron-redux\\src\\components\\Header\\Header.jsx","statementMap":{"0":{"start":{"line":6,"column":24},"end":{"line":6,"column":null}},"1":{"start":{"line":1,"column":43},"end":{"line":1,"column":null}},"2":{"start":{"line":2,"column":28},"end":{"line":2,"column":null}},"3":{"start":{"line":3,"column":7},"end":{"line":3,"column":null}},"4":{"start":{"line":4,"column":21},"end":{"line":4,"column":null}},"5":{"start":{"line":7,"column":56},"end":{"line":7,"column":null}},"6":{"start":{"line":8,"column":19},"end":{"line":8,"column":null}},"7":{"start":{"line":10,"column":24},"end":{"line":17,"column":null}},"8":{"start":{"line":19,"column":38},"end":{"line":31,"column":null}},"9":{"start":{"line":20,"column":24},"end":{"line":20,"column":71}},"10":{"start":{"line":21,"column":4},"end":{"line":30,"column":null}},"11":{"start":{"line":25,"column":30},"end":{"line":28,"column":15}},"12":{"start":{"line":29,"column":6},"end":{"line":29,"column":null}},"13":{"start":{"line":32,"column":2},"end":{"line":38,"column":null}},"14":{"start":{"line":33,"column":4},"end":{"line":33,"column":null}},"15":{"start":{"line":35,"column":4},"end":{"line":37,"column":null}},"16":{"start":{"line":36,"column":6},"end":{"line":36,"column":null}},"17":{"start":{"line":40,"column":2},"end":{"line":43,"column":null}},"18":{"start":{"line":42,"column":4},"end":{"line":42,"column":null}},"19":{"start":{"line":51,"column":23},"end":{"line":51,"column":null}}},"fnMap":{"0":{"name":"Header","decl":{"start":{"line":6,"column":24},"end":{"line":6,"column":null}},"loc":{"start":{"line":6,"column":24},"end":{"line":106,"column":null}}},"1":{"name":"(anonymous_6)","decl":{"start":{"line":19,"column":38},"end":{"line":19,"column":null}},"loc":{"start":{"line":19,"column":38},"end":{"line":31,"column":null}}},"2":{"name":"(anonymous_7)","decl":{"start":{"line":32,"column":12},"end":{"line":32,"column":null}},"loc":{"start":{"line":32,"column":12},"end":{"line":38,"column":5}}},"3":{"name":"(anonymous_8)","decl":{"start":{"line":35,"column":11},"end":{"line":35,"column":null}},"loc":{"start":{"line":35,"column":11},"end":{"line":37,"column":null}}},"4":{"name":"(anonymous_9)","decl":{"start":{"line":40,"column":12},"end":{"line":40,"column":null}},"loc":{"start":{"line":40,"column":12},"end":{"line":43,"column":5}}},"5":{"name":"(anonymous_10)","decl":{"start":{"line":51,"column":17},"end":{"line":51,"column":23}},"loc":{"start":{"line":51,"column":23},"end":{"line":51,"column":null}}}},"branchMap":{"0":{"loc":{"start":{"line":21,"column":4},"end":{"line":30,"column":null}},"type":"if","locations":[{"start":{"line":21,"column":4},"end":{"line":30,"column":null}}]},"1":{"loc":{"start":{"line":68,"column":7},"end":{"line":68,"column":null}},"type":"binary-expr","locations":[{"start":{"line":68,"column":7},"end":{"line":68,"column":null}}]}},"s":{"0":4,"1":2,"2":2,"3":2,"4":2,"5":4,"6":4,"7":4,"8":4,"9":4,"10":4,"11":4,"12":4,"13":4,"14":4,"15":4,"16":4,"17":4,"18":4,"19":1},"f":{"0":4,"1":4,"2":4,"3":4,"4":4,"5":1},"b":{"0":[4],"1":[4]}}
,"C:\\Users\\steve\\dev\\heron-redux\\src\\components\\HeaderLayout\\HeaderLayout.jsx": {"path":"C:\\Users\\steve\\dev\\heron-redux\\src\\components\\HeaderLayout\\HeaderLayout.jsx","statementMap":{"0":{"start":{"line":5,"column":24},"end":{"line":5,"column":37}},"1":{"start":{"line":1,"column":19},"end":{"line":1,"column":null}}},"fnMap":{"0":{"name":"HeaderLayout","decl":{"start":{"line":5,"column":24},"end":{"line":5,"column":37}},"loc":{"start":{"line":5,"column":49},"end":{"line":12,"column":null}}}},"branchMap":{},"s":{"0":1,"1":1},"f":{"0":1},"b":{}}
,"C:\\Users\\steve\\dev\\heron-redux\\src\\components\\LineCharts\\LineCharts.jsx": {"path":"C:\\Users\\steve\\dev\\heron-redux\\src\\components\\LineCharts\\LineCharts.jsx","statementMap":{"0":{"start":{"line":21,"column":14},"end":{"line":21,"column":16}},"1":{"start":{"line":22,"column":2},"end":{"line":25,"column":null}},"2":{"start":{"line":23,"column":18},"end":{"line":23,"column":null}},"3":{"start":{"line":24,"column":4},"end":{"line":24,"column":null}},"4":{"start":{"line":26,"column":13},"end":{"line":26,"column":null}},"5":{"start":{"line":69,"column":16},"end":{"line":78,"column":null}},"6":{"start":{"line":73,"column":22},"end":{"line":75,"column":null}},"7":{"start":{"line":85,"column":10},"end":{"line":85,"column":null}},"8":{"start":{"line":88,"column":10},"end":{"line":93,"column":null}},"9":{"start":{"line":100,"column":14},"end":{"line":100,"column":null}},"10":{"start":{"line":102,"column":14},"end":{"line":102,"column":null}},"11":{"start":{"line":108,"column":28},"end":{"line":108,"column":null}},"12":{"start":{"line":109,"column":28},"end":{"line":109,"column":null}}},"fnMap":{"0":{"name":"LineCharts","decl":{"start":{"line":14,"column":24},"end":{"line":14,"column":35}},"loc":{"start":{"line":20,"column":1},"end":{"line":139,"column":null}}},"1":{"name":"(anonymous_1)","decl":{"start":{"line":22,"column":27},"end":{"line":22,"column":28}},"loc":{"start":{"line":22,"column":28},"end":{"line":25,"column":null}}},"2":{"name":"(anonymous_2)","decl":{"start":{"line":68,"column":23},"end":{"line":68,"column":null}},"loc":{"start":{"line":68,"column":23},"end":{"line":79,"column":null}}},"3":{"name":"(anonymous_3)","decl":{"start":{"line":72,"column":30},"end":{"line":72,"column":31}},"loc":{"start":{"line":72,"column":31},"end":{"line":76,"column":null}}},"4":{"name":"(anonymous_4)","decl":{"start":{"line":84,"column":16},"end":{"line":84,"column":17}},"loc":{"start":{"line":85,"column":10},"end":{"line":85,"column":null}}},"5":{"name":"(anonymous_5)","decl":{"start":{"line":87,"column":16},"end":{"line":87,"column":17}},"loc":{"start":{"line":88,"column":10},"end":{"line":93,"column":null}}},"6":{"name":"(anonymous_6)","decl":{"start":{"line":99,"column":18},"end":{"line":99,"column":19}},"loc":{"start":{"line":100,"column":14},"end":{"line":100,"column":null}}},"7":{"name":"(anonymous_7)","decl":{"start":{"line":101,"column":20},"end":{"line":101,"column":21}},"loc":{"start":{"line":102,"column":14},"end":{"line":102,"column":null}}},"8":{"name":"(anonymous_8)","decl":{"start":{"line":108,"column":16},"end":{"line":108,"column":17}},"loc":{"start":{"line":108,"column":28},"end":{"line":108,"column":null}}},"9":{"name":"(anonymous_9)","decl":{"start":{"line":109,"column":16},"end":{"line":109,"column":17}},"loc":{"start":{"line":109,"column":28},"end":{"line":109,"column":null}}}},"branchMap":{"0":{"loc":{"start":{"line":73,"column":29},"end":{"line":75,"column":null}},"type":"cond-expr","locations":[{"start":{"line":74,"column":26},"end":{"line":74,"column":null}},{"start":{"line":75,"column":26},"end":{"line":75,"column":null}}]},"1":{"loc":{"start":{"line":85,"column":10},"end":{"line":85,"column":null}},"type":"cond-expr","locations":[{"start":{"line":85,"column":46},"end":{"line":85,"column":57}},{"start":{"line":85,"column":57},"end":{"line":85,"column":null}}]},"2":{"loc":{"start":{"line":88,"column":10},"end":{"line":93,"column":null}},"type":"cond-expr","locations":[{"start":{"line":89,"column":14},"end":{"line":92,"column":null}},{"start":{"line":93,"column":14},"end":{"line":93,"column":null}}]},"3":{"loc":{"start":{"line":100,"column":14},"end":{"line":100,"column":null}},"type":"cond-expr","locations":[{"start":{"line":100,"column":50},"end":{"line":100,"column":61}},{"start":{"line":100,"column":61},"end":{"line":100,"column":null}}]},"4":{"loc":{"start":{"line":102,"column":14},"end":{"line":102,"column":null}},"type":"cond-expr","locations":[{"start":{"line":102,"column":50},"end":{"line":102,"column":61}},{"start":{"line":102,"column":61},"end":{"line":102,"column":null}}]},"5":{"loc":{"start":{"line":108,"column":28},"end":{"line":108,"column":null}},"type":"cond-expr","locations":[{"start":{"line":108,"column":41},"end":{"line":108,"column":53}},{"start":{"line":108,"column":56},"end":{"line":108,"column":null}}]},"6":{"loc":{"start":{"line":109,"column":28},"end":{"line":109,"column":null}},"type":"cond-expr","locations":[{"start":{"line":109,"column":41},"end":{"line":109,"column":53}},{"start":{"line":109,"column":56},"end":{"line":109,"column":null}}]}},"s":{"0":0,"1":0,"2":0,"3":0,"4":0,"5":0,"6":0,"7":0,"8":0,"9":0,"10":0,"11":0,"12":0},"f":{"0":0,"1":0,"2":0,"3":0,"4":0,"5":0,"6":0,"7":0,"8":0,"9":0},"b":{"0":[0,0],"1":[0,0],"2":[0,0],"3":[0,0],"4":[0,0],"5":[0,0],"6":[0,0]}}
,"C:\\Users\\steve\\dev\\heron-redux\\src\\components\\LoadingSpinner\\LoadingSpinner.jsx": {"path":"C:\\Users\\steve\\dev\\heron-redux\\src\\components\\LoadingSpinner\\LoadingSpinner.jsx","statementMap":{"0":{"start":{"line":3,"column":24},"end":{"line":3,"column":null}},"1":{"start":{"line":2,"column":7},"end":{"line":2,"column":null}}},"fnMap":{"0":{"name":"LoadingSpinner","decl":{"start":{"line":3,"column":24},"end":{"line":3,"column":null}},"loc":{"start":{"line":3,"column":24},"end":{"line":14,"column":null}}}},"branchMap":{},"s":{"0":0,"1":2},"f":{"0":0},"b":{}}
,"C:\\Users\\steve\\dev\\heron-redux\\src\\components\\MultiColSelect\\MultiColSelect.jsx": {"path":"C:\\Users\\steve\\dev\\heron-redux\\src\\components\\MultiColSelect\\MultiColSelect.jsx","statementMap":{"0":{"start":{"line":4,"column":18},"end":{"line":14,"column":null}},"1":{"start":{"line":21,"column":25},"end":{"line":21,"column":null}}},"fnMap":{"0":{"name":"MultiColSelect","decl":{"start":{"line":3,"column":24},"end":{"line":3,"column":39}},"loc":{"start":{"line":3,"column":73},"end":{"line":26,"column":null}}},"1":{"name":"(anonymous_1)","decl":{"start":{"line":21,"column":18},"end":{"line":21,"column":19}},"loc":{"start":{"line":21,"column":25},"end":{"line":21,"column":null}}}},"branchMap":{},"s":{"0":0,"1":0},"f":{"0":0,"1":0},"b":{}}
,"C:\\Users\\steve\\dev\\heron-redux\\src\\components\\PageCards\\PageCards.jsx": {"path":"C:\\Users\\steve\\dev\\heron-redux\\src\\components\\PageCards\\PageCards.jsx","statementMap":{"0":{"start":{"line":2,"column":24},"end":{"line":2,"column":34}},"1":{"start":{"line":1,"column":7},"end":{"line":1,"column":null}},"2":{"start":{"line":4,"column":21},"end":{"line":4,"column":61}}},"fnMap":{"0":{"name":"PageCards","decl":{"start":{"line":2,"column":24},"end":{"line":2,"column":34}},"loc":{"start":{"line":2,"column":48},"end":{"line":34,"column":null}}}},"branchMap":{},"s":{"0":2,"1":1,"2":2},"f":{"0":2},"b":{}}
,"C:\\Users\\steve\\dev\\heron-redux\\src\\components\\ToggleSwitch\\ToggleSwitch.jsx": {"path":"C:\\Users\\steve\\dev\\heron-redux\\src\\components\\ToggleSwitch\\ToggleSwitch.jsx","statementMap":{"0":{"start":{"line":4,"column":24},"end":{"line":4,"column":37}},"1":{"start":{"line":2,"column":7},"end":{"line":2,"column":null}},"2":{"start":{"line":13,"column":39},"end":{"line":13,"column":51}}},"fnMap":{"0":{"name":"ToggleSwitch","decl":{"start":{"line":4,"column":24},"end":{"line":4,"column":37}},"loc":{"start":{"line":4,"column":56},"end":{"line":18,"column":null}}},"1":{"name":"(anonymous_2)","decl":{"start":{"line":13,"column":33},"end":{"line":13,"column":39}},"loc":{"start":{"line":13,"column":39},"end":{"line":13,"column":51}}}},"branchMap":{},"s":{"0":9,"1":1,"2":0},"f":{"0":6,"1":0},"b":{}}
,"C:\\Users\\steve\\dev\\heron-redux\\src\\mappers\\glyco-mapper.js": {"path":"C:\\Users\\steve\\dev\\heron-redux\\src\\mappers\\glyco-mapper.js","statementMap":{"0":{"start":{"line":10,"column":13},"end":{"line":10,"column":33}},"1":{"start":{"line":10,"column":33},"end":{"line":21,"column":null}},"2":{"start":{"line":12,"column":2},"end":{"line":20,"column":null}},"3":{"start":{"line":13,"column":16},"end":{"line":13,"column":35}},"4":{"start":{"line":14,"column":19},"end":{"line":14,"column":null}},"5":{"start":{"line":16,"column":22},"end":{"line":16,"column":null}},"6":{"start":{"line":17,"column":4},"end":{"line":17,"column":null}},"7":{"start":{"line":19,"column":4},"end":{"line":19,"column":null}}},"fnMap":{"0":{"name":"(anonymous_1)","decl":{"start":{"line":10,"column":33},"end":{"line":10,"column":34}},"loc":{"start":{"line":10,"column":34},"end":{"line":21,"column":null}}},"1":{"name":"(anonymous_2)","decl":{"start":{"line":12,"column":18},"end":{"line":12,"column":19}},"loc":{"start":{"line":12,"column":19},"end":{"line":20,"column":null}}}},"branchMap":{"0":{"loc":{"start":{"line":17,"column":30},"end":{"line":17,"column":null}},"type":"cond-expr","locations":[{"start":{"line":17,"column":46},"end":{"line":17,"column":54}},{"start":{"line":17,"column":54},"end":{"line":17,"column":null}}]}},"s":{"0":1,"1":1,"2":1,"3":3,"4":3,"5":3,"6":3,"7":3},"f":{"0":1,"1":3},"b":{"0":[2,1]}}
,"C:\\Users\\steve\\dev\\heron-redux\\src\\mappers\\quant-mapper.js": {"path":"C:\\Users\\steve\\dev\\heron-redux\\src\\mappers\\quant-mapper.js","statementMap":{"0":{"start":{"line":74,"column":16},"end":{"line":74,"column":28}},"1":{"start":{"line":1,"column":20},"end":{"line":1,"column":null}},"2":{"start":{"line":7,"column":34},"end":{"line":7,"column":null}},"3":{"start":{"line":8,"column":33},"end":{"line":20,"column":null}},"4":{"start":{"line":9,"column":16},"end":{"line":9,"column":null}},"5":{"start":{"line":10,"column":16},"end":{"line":10,"column":null}},"6":{"start":{"line":12,"column":2},"end":{"line":14,"column":null}},"7":{"start":{"line":15,"column":2},"end":{"line":17,"column":null}},"8":{"start":{"line":19,"column":2},"end":{"line":19,"column":null}},"9":{"start":{"line":22,"column":36},"end":{"line":72,"column":null}},"10":{"start":{"line":23,"column":2},"end":{"line":28,"column":null}},"11":{"start":{"line":24,"column":4},"end":{"line":27,"column":null}},"12":{"start":{"line":32,"column":2},"end":{"line":37,"column":null}},"13":{"start":{"line":32,"column":37},"end":{"line":32,"column":57}},"14":{"start":{"line":33,"column":4},"end":{"line":36,"column":null}},"15":{"start":{"line":38,"column":30},"end":{"line":38,"column":32}},"16":{"start":{"line":39,"column":45},"end":{"line":39,"column":47}},"17":{"start":{"line":41,"column":2},"end":{"line":66,"column":null}},"18":{"start":{"line":44,"column":41},"end":{"line":44,"column":43}},"19":{"start":{"line":46,"column":4},"end":{"line":60,"column":null}},"20":{"start":{"line":48,"column":36},"end":{"line":49,"column":null}},"21":{"start":{"line":49,"column":17},"end":{"line":49,"column":null}},"22":{"start":{"line":52,"column":6},"end":{"line":59,"column":null}},"23":{"start":{"line":53,"column":8},"end":{"line":54,"column":null}},"24":{"start":{"line":58,"column":8},"end":{"line":58,"column":null}},"25":{"start":{"line":62,"column":4},"end":{"line":65,"column":null}},"26":{"start":{"line":63,"column":6},"end":{"line":63,"column":null}},"27":{"start":{"line":64,"column":6},"end":{"line":64,"column":null}},"28":{"start":{"line":68,"column":23},"end":{"line":69,"column":null}},"29":{"start":{"line":69,"column":13},"end":{"line":69,"column":null}},"30":{"start":{"line":71,"column":2},"end":{"line":71,"column":null}},"31":{"start":{"line":75,"column":16},"end":{"line":75,"column":18}},"32":{"start":{"line":76,"column":21},"end":{"line":76,"column":23}},"33":{"start":{"line":77,"column":23},"end":{"line":77,"column":37}},"34":{"start":{"line":78,"column":26},"end":{"line":78,"column":28}},"35":{"start":{"line":80,"column":29},"end":{"line":97,"column":null}},"36":{"start":{"line":83,"column":22},"end":{"line":83,"column":null}},"37":{"start":{"line":84,"column":6},"end":{"line":84,"column":null}},"38":{"start":{"line":88,"column":20},"end":{"line":88,"column":null}},"39":{"start":{"line":89,"column":21},"end":{"line":89,"column":null}},"40":{"start":{"line":90,"column":6},"end":{"line":92,"column":null}},"41":{"start":{"line":91,"column":8},"end":{"line":91,"column":null}},"42":{"start":{"line":93,"column":6},"end":{"line":95,"column":null}},"43":{"start":{"line":94,"column":8},"end":{"line":94,"column":null}},"44":{"start":{"line":96,"column":6},"end":{"line":96,"column":null}},"45":{"start":{"line":100,"column":4},"end":{"line":100,"column":null}},"46":{"start":{"line":102,"column":28},"end":{"line":102,"column":null}},"47":{"start":{"line":105,"column":2},"end":{"line":158,"column":null}},"48":{"start":{"line":105,"column":19},"end":{"line":105,"column":22}},"49":{"start":{"line":106,"column":4},"end":{"line":106,"column":41}},"50":{"start":{"line":107,"column":4},"end":{"line":107,"column":null}},"51":{"start":{"line":108,"column":4},"end":{"line":108,"column":null}},"52":{"start":{"line":110,"column":4},"end":{"line":157,"column":null}},"53":{"start":{"line":114,"column":25},"end":{"line":114,"column":28}},"54":{"start":{"line":115,"column":30},"end":{"line":115,"column":33}},"55":{"start":{"line":118,"column":18},"end":{"line":120,"column":null}},"56":{"start":{"line":119,"column":37},"end":{"line":119,"column":null}},"57":{"start":{"line":124,"column":23},"end":{"line":126,"column":null}},"58":{"start":{"line":125,"column":26},"end":{"line":125,"column":null}},"59":{"start":{"line":130,"column":34},"end":{"line":130,"column":null}},"60":{"start":{"line":131,"column":26},"end":{"line":131,"column":null}},"61":{"start":{"line":134,"column":6},"end":{"line":134,"column":null}},"62":{"start":{"line":135,"column":6},"end":{"line":135,"column":null}},"63":{"start":{"line":138,"column":6},"end":{"line":138,"column":null}},"64":{"start":{"line":141,"column":6},"end":{"line":141,"column":null}},"65":{"start":{"line":144,"column":6},"end":{"line":144,"column":null}},"66":{"start":{"line":145,"column":6},"end":{"line":145,"column":null}},"67":{"start":{"line":148,"column":6},"end":{"line":148,"column":null}},"68":{"start":{"line":149,"column":6},"end":{"line":149,"column":null}},"69":{"start":{"line":154,"column":6},"end":{"line":154,"column":null}},"70":{"start":{"line":156,"column":6},"end":{"line":156,"column":null}},"71":{"start":{"line":161,"column":2},"end":{"line":220,"column":null}},"72":{"start":{"line":164,"column":27},"end":{"line":164,"column":null}},"73":{"start":{"line":167,"column":4},"end":{"line":219,"column":null}},"74":{"start":{"line":167,"column":24},"end":{"line":167,"column":27}},"75":{"start":{"line":170,"column":6},"end":{"line":218,"column":null}},"76":{"start":{"line":172,"column":33},"end":{"line":172,"column":60}},"77":{"start":{"line":173,"column":35},"end":{"line":187,"column":null}},"78":{"start":{"line":174,"column":10},"end":{"line":174,"column":null}},"79":{"start":{"line":175,"column":10},"end":{"line":175,"column":null}},"80":{"start":{"line":178,"column":10},"end":{"line":178,"column":null}},"81":{"start":{"line":179,"column":10},"end":{"line":179,"column":null}},"82":{"start":{"line":180,"column":10},"end":{"line":180,"column":null}},"83":{"start":{"line":181,"column":10},"end":{"line":181,"column":null}},"84":{"start":{"line":182,"column":10},"end":{"line":182,"column":null}},"85":{"start":{"line":183,"column":10},"end":{"line":183,"column":null}},"86":{"start":{"line":184,"column":10},"end":{"line":184,"column":null}},"87":{"start":{"line":186,"column":10},"end":{"line":186,"column":null}},"88":{"start":{"line":189,"column":8},"end":{"line":189,"column":null}},"89":{"start":{"line":193,"column":31},"end":{"line":193,"column":64}},"90":{"start":{"line":194,"column":25},"end":{"line":196,"column":null}},"91":{"start":{"line":196,"column":12},"end":{"line":196,"column":null}},"92":{"start":{"line":198,"column":25},"end":{"line":199,"column":null}},"93":{"start":{"line":199,"column":25},"end":{"line":199,"column":null}},"94":{"start":{"line":201,"column":30},"end":{"line":201,"column":62}},"95":{"start":{"line":202,"column":28},"end":{"line":202,"column":60}},"96":{"start":{"line":203,"column":8},"end":{"line":203,"column":76}},"97":{"start":{"line":204,"column":8},"end":{"line":204,"column":null}},"98":{"start":{"line":205,"column":8},"end":{"line":205,"column":null}},"99":{"start":{"line":206,"column":8},"end":{"line":206,"column":null}},"100":{"start":{"line":208,"column":8},"end":{"line":209,"column":null}},"101":{"start":{"line":210,"column":8},"end":{"line":211,"column":39}},"102":{"start":{"line":215,"column":8},"end":{"line":215,"column":69}},"103":{"start":{"line":216,"column":8},"end":{"line":216,"column":null}},"104":{"start":{"line":217,"column":8},"end":{"line":217,"column":46}},"105":{"start":{"line":223,"column":2},"end":{"line":223,"column":null}}},"fnMap":{"0":{"name":"(anonymous_1)","decl":{"start":{"line":8,"column":33},"end":{"line":8,"column":34}},"loc":{"start":{"line":8,"column":34},"end":{"line":20,"column":null}}},"1":{"name":"(anonymous_2)","decl":{"start":{"line":22,"column":36},"end":{"line":22,"column":37}},"loc":{"start":{"line":22,"column":48},"end":{"line":72,"column":null}}},"2":{"name":"(anonymous_3)","decl":{"start":{"line":32,"column":23},"end":{"line":32,"column":24}},"loc":{"start":{"line":32,"column":37},"end":{"line":32,"column":57}}},"3":{"name":"(anonymous_4)","decl":{"start":{"line":41,"column":22},"end":{"line":41,"column":23}},"loc":{"start":{"line":41,"column":23},"end":{"line":66,"column":null}}},"4":{"name":"(anonymous_5)","decl":{"start":{"line":46,"column":29},"end":{"line":46,"column":30}},"loc":{"start":{"line":46,"column":30},"end":{"line":60,"column":null}}},"5":{"name":"(anonymous_6)","decl":{"start":{"line":49,"column":8},"end":{"line":49,"column":9}},"loc":{"start":{"line":49,"column":17},"end":{"line":49,"column":null}}},"6":{"name":"(anonymous_7)","decl":{"start":{"line":69,"column":4},"end":{"line":69,"column":5}},"loc":{"start":{"line":69,"column":13},"end":{"line":69,"column":null}}},"7":{"name":"quantMapper","decl":{"start":{"line":74,"column":16},"end":{"line":74,"column":28}},"loc":{"start":{"line":74,"column":74},"end":{"line":224,"column":null}}},"8":{"name":"(anonymous_9)","decl":{"start":{"line":81,"column":9},"end":{"line":81,"column":10}},"loc":{"start":{"line":81,"column":10},"end":{"line":85,"column":null}}},"9":{"name":"(anonymous_10)","decl":{"start":{"line":86,"column":10},"end":{"line":86,"column":11}},"loc":{"start":{"line":86,"column":20},"end":{"line":97,"column":null}}},"10":{"name":"(anonymous_11)","decl":{"start":{"line":119,"column":8},"end":{"line":119,"column":9}},"loc":{"start":{"line":119,"column":37},"end":{"line":119,"column":null}}},"11":{"name":"(anonymous_12)","decl":{"start":{"line":125,"column":8},"end":{"line":125,"column":9}},"loc":{"start":{"line":125,"column":26},"end":{"line":125,"column":null}}},"12":{"name":"(anonymous_13)","decl":{"start":{"line":173,"column":56},"end":{"line":173,"column":57}},"loc":{"start":{"line":173,"column":57},"end":{"line":187,"column":null}}},"13":{"name":"(anonymous_14)","decl":{"start":{"line":195,"column":10},"end":{"line":195,"column":11}},"loc":{"start":{"line":196,"column":12},"end":{"line":196,"column":null}}},"14":{"name":"(anonymous_15)","decl":{"start":{"line":199,"column":10},"end":{"line":199,"column":11}},"loc":{"start":{"line":199,"column":25},"end":{"line":199,"column":null}}}},"branchMap":{"0":{"loc":{"start":{"line":12,"column":2},"end":{"line":14,"column":null}},"type":"cond-expr","locations":[{"start":{"line":13,"column":7},"end":{"line":13,"column":null}},{"start":{"line":14,"column":7},"end":{"line":14,"column":null}}]},"1":{"loc":{"start":{"line":15,"column":2},"end":{"line":17,"column":null}},"type":"cond-expr","locations":[{"start":{"line":16,"column":7},"end":{"line":16,"column":null}},{"start":{"line":17,"column":7},"end":{"line":17,"column":null}}]},"2":{"loc":{"start":{"line":23,"column":2},"end":{"line":28,"column":null}},"type":"if","locations":[{"start":{"line":23,"column":2},"end":{"line":28,"column":null}}]},"3":{"loc":{"start":{"line":32,"column":2},"end":{"line":37,"column":null}},"type":"if","locations":[{"start":{"line":32,"column":2},"end":{"line":37,"column":null}}]},"4":{"loc":{"start":{"line":52,"column":6},"end":{"line":59,"column":null}},"type":"if","locations":[{"start":{"line":52,"column":6},"end":{"line":59,"column":null}}]},"5":{"loc":{"start":{"line":62,"column":4},"end":{"line":65,"column":null}},"type":"if","locations":[{"start":{"line":62,"column":4},"end":{"line":65,"column":null}}]},"6":{"loc":{"start":{"line":90,"column":6},"end":{"line":92,"column":null}},"type":"if","locations":[{"start":{"line":90,"column":6},"end":{"line":92,"column":null}}]},"7":{"loc":{"start":{"line":93,"column":6},"end":{"line":95,"column":null}},"type":"if","locations":[{"start":{"line":93,"column":6},"end":{"line":95,"column":null}}]},"8":{"loc":{"start":{"line":110,"column":4},"end":{"line":157,"column":null}},"type":"if","locations":[{"start":{"line":110,"column":4},"end":{"line":157,"column":null}}]},"9":{"loc":{"start":{"line":161,"column":2},"end":{"line":220,"column":null}},"type":"if","locations":[{"start":{"line":161,"column":2},"end":{"line":220,"column":null}}]},"10":{"loc":{"start":{"line":170,"column":6},"end":{"line":218,"column":null}},"type":"if","locations":[{"start":{"line":170,"column":6},"end":{"line":218,"column":null}},{"start":{"line":190,"column":13},"end":{"line":218,"column":null}}]}},"s":{"0":2,"1":1,"2":1,"3":1,"4":9,"5":9,"6":9,"7":9,"8":9,"9":1,"10":2,"11":0,"12":2,"13":4,"14":0,"15":2,"16":2,"17":2,"18":4,"19":4,"20":6,"21":27,"22":6,"23":4,"24":4,"25":4,"26":3,"27":3,"28":2,"29":9,"30":2,"31":2,"32":2,"33":2,"34":2,"35":2,"36":9,"37":9,"38":7,"39":7,"40":7,"41":2,"42":5,"43":5,"44":0,"45":2,"46":2,"47":2,"48":2,"49":5,"50":5,"51":5,"52":5,"53":2,"54":2,"55":2,"56":5,"57":2,"58":5,"59":2,"60":2,"61":2,"62":2,"63":2,"64":2,"65":2,"66":2,"67":2,"68":2,"69":2,"70":2,"71":2,"72":2,"73":2,"74":2,"75":3,"76":2,"77":2,"78":2,"79":2,"80":2,"81":2,"82":2,"83":2,"84":2,"85":2,"86":2,"87":2,"88":2,"89":1,"90":1,"91":1,"92":1,"93":1,"94":1,"95":1,"96":1,"97":1,"98":1,"99":1,"100":1,"101":1,"102":1,"103":1,"104":1,"105":2},"f":{"0":9,"1":2,"2":4,"3":4,"4":6,"5":27,"6":9,"7":2,"8":9,"9":7,"10":5,"11":5,"12":2,"13":1,"14":1},"b":{"0":[0,9],"1":[0,9],"2":[0],"3":[0],"4":[4],"5":[3],"6":[2],"7":[5],"8":[2],"9":[2],"10":[2,1]}}
,"C:\\Users\\steve\\dev\\heron-redux\\src\\pages\\ContactPage\\ContactError.jsx": {"path":"C:\\Users\\steve\\dev\\heron-redux\\src\\pages\\ContactPage\\ContactError.jsx","statementMap":{"0":{"start":{"line":5,"column":22},"end":{"line":5,"column":null}},"1":{"start":{"line":5,"column":45},"end":{"line":5,"column":62}},"2":{"start":{"line":6,"column":19},"end":{"line":6,"column":null}},"3":{"start":{"line":8,"column":2},"end":{"line":12,"column":null}},"4":{"start":{"line":9,"column":4},"end":{"line":11,"column":null}},"5":{"start":{"line":10,"column":6},"end":{"line":10,"column":null}}},"fnMap":{"0":{"name":"ContactError","decl":{"start":{"line":4,"column":24},"end":{"line":4,"column":null}},"loc":{"start":{"line":4,"column":24},"end":{"line":27,"column":null}}},"1":{"name":"(anonymous_1)","decl":{"start":{"line":5,"column":34},"end":{"line":5,"column":35}},"loc":{"start":{"line":5,"column":45},"end":{"line":5,"column":62}}},"2":{"name":"(anonymous_2)","decl":{"start":{"line":8,"column":12},"end":{"line":8,"column":null}},"loc":{"start":{"line":8,"column":12},"end":{"line":12,"column":5}}}},"branchMap":{"0":{"loc":{"start":{"line":9,"column":4},"end":{"line":11,"column":null}},"type":"if","locations":[{"start":{"line":9,"column":4},"end":{"line":11,"column":null}}]}},"s":{"0":0,"1":0,"2":0,"3":0,"4":0,"5":0},"f":{"0":0,"1":0,"2":0},"b":{"0":[0]}}
,"C:\\Users\\steve\\dev\\heron-redux\\src\\pages\\ContactPage\\ContactPage.jsx": {"path":"C:\\Users\\steve\\dev\\heron-redux\\src\\pages\\ContactPage\\ContactPage.jsx","statementMap":{"0":{"start":{"line":13,"column":24},"end":{"line":13,"column":null}},"1":{"start":{"line":1,"column":33},"end":{"line":1,"column":null}},"2":{"start":{"line":2,"column":28},"end":{"line":2,"column":null}},"3":{"start":{"line":3,"column":30},"end":{"line":3,"column":null}},"4":{"start":{"line":4,"column":20},"end":{"line":4,"column":null}},"5":{"start":{"line":5,"column":7},"end":{"line":5,"column":null}},"6":{"start":{"line":6,"column":28},"end":{"line":6,"column":null}},"7":{"start":{"line":10,"column":7},"end":{"line":10,"column":null}},"8":{"start":{"line":11,"column":27},"end":{"line":11,"column":null}},"9":{"start":{"line":14,"column":28},"end":{"line":14,"column":null}},"10":{"start":{"line":15,"column":38},"end":{"line":15,"column":null}},"11":{"start":{"line":17,"column":32},"end":{"line":17,"column":null}},"12":{"start":{"line":18,"column":36},"end":{"line":18,"column":52}},"13":{"start":{"line":20,"column":32},"end":{"line":20,"column":null}},"14":{"start":{"line":21,"column":42},"end":{"line":21,"column":null}},"15":{"start":{"line":22,"column":36},"end":{"line":22,"column":null}},"16":{"start":{"line":23,"column":19},"end":{"line":23,"column":null}},"17":{"start":{"line":25,"column":18},"end":{"line":25,"column":null}},"18":{"start":{"line":27,"column":17},"end":{"line":27,"column":null}},"19":{"start":{"line":29,"column":23},"end":{"line":32,"column":null}},"20":{"start":{"line":30,"column":4},"end":{"line":30,"column":null}},"21":{"start":{"line":31,"column":4},"end":{"line":31,"column":null}},"22":{"start":{"line":34,"column":23},"end":{"line":68,"column":null}},"23":{"start":{"line":35,"column":4},"end":{"line":35,"column":null}},"24":{"start":{"line":37,"column":4},"end":{"line":37,"column":null}},"25":{"start":{"line":39,"column":4},"end":{"line":67,"column":null}},"26":{"start":{"line":46,"column":6},"end":{"line":46,"column":null}},"27":{"start":{"line":48,"column":6},"end":{"line":61,"column":null}},"28":{"start":{"line":57,"column":20},"end":{"line":57,"column":null}},"29":{"start":{"line":59,"column":10},"end":{"line":59,"column":null}},"30":{"start":{"line":60,"column":10},"end":{"line":60,"column":null}},"31":{"start":{"line":63,"column":6},"end":{"line":63,"column":null}},"32":{"start":{"line":64,"column":6},"end":{"line":64,"column":null}},"33":{"start":{"line":65,"column":6},"end":{"line":65,"column":null}},"34":{"start":{"line":66,"column":6},"end":{"line":66,"column":null}},"35":{"start":{"line":91,"column":31},"end":{"line":91,"column":null}},"36":{"start":{"line":116,"column":31},"end":{"line":116,"column":null}},"37":{"start":{"line":141,"column":32},"end":{"line":141,"column":null}},"38":{"start":{"line":153,"column":31},"end":{"line":153,"column":null}}},"fnMap":{"0":{"name":"ContactPage","decl":{"start":{"line":13,"column":24},"end":{"line":13,"column":null}},"loc":{"start":{"line":13,"column":24},"end":{"line":193,"column":null}}},"1":{"name":"(anonymous_3)","decl":{"start":{"line":29,"column":23},"end":{"line":29,"column":null}},"loc":{"start":{"line":29,"column":23},"end":{"line":32,"column":null}}},"2":{"name":"(anonymous_4)","decl":{"start":{"line":34,"column":23},"end":{"line":34,"column":24}},"loc":{"start":{"line":34,"column":24},"end":{"line":68,"column":null}}},"3":{"name":"(anonymous_5)","decl":{"start":{"line":57,"column":14},"end":{"line":57,"column":20}},"loc":{"start":{"line":57,"column":20},"end":{"line":57,"column":null}}},"4":{"name":"(anonymous_6)","decl":{"start":{"line":58,"column":15},"end":{"line":58,"column":16}},"loc":{"start":{"line":58,"column":16},"end":{"line":61,"column":null}}},"5":{"name":"(anonymous_7)","decl":{"start":{"line":91,"column":24},"end":{"line":91,"column":25}},"loc":{"start":{"line":91,"column":31},"end":{"line":91,"column":null}}},"6":{"name":"(anonymous_8)","decl":{"start":{"line":116,"column":24},"end":{"line":116,"column":25}},"loc":{"start":{"line":116,"column":31},"end":{"line":116,"column":null}}},"7":{"name":"(anonymous_9)","decl":{"start":{"line":141,"column":25},"end":{"line":141,"column":26}},"loc":{"start":{"line":141,"column":32},"end":{"line":141,"column":null}}},"8":{"name":"(anonymous_10)","decl":{"start":{"line":153,"column":24},"end":{"line":153,"column":25}},"loc":{"start":{"line":153,"column":31},"end":{"line":153,"column":null}}}},"branchMap":{"0":{"loc":{"start":{"line":39,"column":4},"end":{"line":67,"column":null}},"type":"if","locations":[{"start":{"line":39,"column":4},"end":{"line":67,"column":null}},{"start":{"line":62,"column":11},"end":{"line":67,"column":null}}]},"1":{"loc":{"start":{"line":40,"column":6},"end":{"line":44,"column":null}},"type":"binary-expr","locations":[{"start":{"line":40,"column":6},"end":{"line":40,"column":null}},{"start":{"line":41,"column":6},"end":{"line":41,"column":null}},{"start":{"line":42,"column":6},"end":{"line":42,"column":null}},{"start":{"line":43,"column":6},"end":{"line":43,"column":null}},{"start":{"line":44,"column":6},"end":{"line":44,"column":null}}]},"2":{"loc":{"start":{"line":63,"column":19},"end":{"line":63,"column":null}},"type":"binary-expr","locations":[{"start":{"line":63,"column":19},"end":{"line":63,"column":44}},{"start":{"line":63,"column":44},"end":{"line":63,"column":null}}]},"3":{"loc":{"start":{"line":64,"column":22},"end":{"line":64,"column":null}},"type":"binary-expr","locations":[{"start":{"line":64,"column":22},"end":{"line":64,"column":45}},{"start":{"line":64,"column":45},"end":{"line":64,"column":null}}]},"4":{"loc":{"start":{"line":72,"column":7},"end":{"line":72,"column":null}},"type":"binary-expr","locations":[{"start":{"line":72,"column":7},"end":{"line":72,"column":20}},{"start":{"line":72,"column":20},"end":{"line":72,"column":null}}]},"5":{"loc":{"start":{"line":95,"column":11},"end":{"line":95,"column":null}},"type":"binary-expr","locations":[{"start":{"line":95,"column":11},"end":{"line":95,"column":null}}]},"6":{"loc":{"start":{"line":121,"column":11},"end":{"line":121,"column":null}},"type":"binary-expr","locations":[{"start":{"line":121,"column":11},"end":{"line":121,"column":null}}]},"7":{"loc":{"start":{"line":144,"column":16},"end":{"line":146,"column":null}},"type":"cond-expr","locations":[{"start":{"line":145,"column":20},"end":{"line":145,"column":null}},{"start":{"line":146,"column":20},"end":{"line":146,"column":null}}]},"8":{"loc":{"start":{"line":157,"column":11},"end":{"line":157,"column":null}},"type":"binary-expr","locations":[{"start":{"line":157,"column":11},"end":{"line":157,"column":null}}]}},"s":{"0":4,"1":1,"2":1,"3":1,"4":1,"5":1,"6":1,"7":1,"8":1,"9":6,"10":6,"11":6,"12":6,"13":6,"14":6,"15":6,"16":6,"17":6,"18":6,"19":6,"20":1,"21":1,"22":6,"23":2,"24":2,"25":2,"26":0,"27":0,"28":0,"29":0,"30":0,"31":2,"32":2,"33":2,"34":2,"35":0,"36":0,"37":0,"38":0},"f":{"0":6,"1":1,"2":2,"3":0,"4":0,"5":0,"6":0,"7":0,"8":0},"b":{"0":[0,2],"1":[2,0,0,0,0],"2":[2,0],"3":[2,0],"4":[6,0],"5":[6],"6":[6],"7":[4,2],"8":[6]}}
,"C:\\Users\\steve\\dev\\heron-redux\\src\\pages\\ContactPage\\ContactSuccess.jsx": {"path":"C:\\Users\\steve\\dev\\heron-redux\\src\\pages\\ContactPage\\ContactSuccess.jsx","statementMap":{"0":{"start":{"line":6,"column":22},"end":{"line":6,"column":null}},"1":{"start":{"line":6,"column":45},"end":{"line":6,"column":62}},"2":{"start":{"line":7,"column":19},"end":{"line":7,"column":null}},"3":{"start":{"line":9,"column":2},"end":{"line":13,"column":null}},"4":{"start":{"line":10,"column":4},"end":{"line":12,"column":null}},"5":{"start":{"line":11,"column":6},"end":{"line":11,"column":null}}},"fnMap":{"0":{"name":"ContactSuccess","decl":{"start":{"line":5,"column":24},"end":{"line":5,"column":null}},"loc":{"start":{"line":5,"column":24},"end":{"line":23,"column":null}}},"1":{"name":"(anonymous_1)","decl":{"start":{"line":6,"column":34},"end":{"line":6,"column":35}},"loc":{"start":{"line":6,"column":45},"end":{"line":6,"column":62}}},"2":{"name":"(anonymous_2)","decl":{"start":{"line":9,"column":12},"end":{"line":9,"column":null}},"loc":{"start":{"line":9,"column":12},"end":{"line":13,"column":5}}}},"branchMap":{"0":{"loc":{"start":{"line":10,"column":4},"end":{"line":12,"column":null}},"type":"if","locations":[{"start":{"line":10,"column":4},"end":{"line":12,"column":null}}]}},"s":{"0":0,"1":0,"2":0,"3":0,"4":0,"5":0},"f":{"0":0,"1":0,"2":0},"b":{"0":[0]}}
,"C:\\Users\\steve\\dev\\heron-redux\\src\\pages\\ErrorBoundary\\ErrorBoundary.jsx": {"path":"C:\\Users\\steve\\dev\\heron-redux\\src\\pages\\ErrorBoundary\\ErrorBoundary.jsx","statementMap":{"0":{"start":{"line":4,"column":4},"end":{"line":4,"column":null}},"1":{"start":{"line":5,"column":4},"end":{"line":5,"column":null}},"2":{"start":{"line":10,"column":4},"end":{"line":10,"column":null}},"3":{"start":{"line":23,"column":4},"end":{"line":26,"column":null}},"4":{"start":{"line":25,"column":6},"end":{"line":25,"column":null}},"5":{"start":{"line":28,"column":4},"end":{"line":28,"column":null}}},"fnMap":{"0":{"name":"(anonymous_0)","decl":{"start":{"line":3,"column":2},"end":{"line":3,"column":14}},"loc":{"start":{"line":3,"column":21},"end":{"line":6,"column":null}}},"1":{"name":"(anonymous_1)","decl":{"start":{"line":8,"column":2},"end":{"line":8,"column":9}},"loc":{"start":{"line":8,"column":41},"end":{"line":11,"column":null}}},"2":{"name":"(anonymous_2)","decl":{"start":{"line":13,"column":2},"end":{"line":13,"column":20}},"loc":{"start":{"line":13,"column":33},"end":{"line":20,"column":null}}},"3":{"name":"(anonymous_3)","decl":{"start":{"line":22,"column":2},"end":{"line":22,"column":11}},"loc":{"start":{"line":22,"column":11},"end":{"line":29,"column":null}}}},"branchMap":{"0":{"loc":{"start":{"line":23,"column":4},"end":{"line":26,"column":null}},"type":"if","locations":[{"start":{"line":23,"column":4},"end":{"line":26,"column":null}}]}},"s":{"0":0,"1":0,"2":0,"3":0,"4":0,"5":0},"f":{"0":0,"1":0,"2":0,"3":0},"b":{"0":[0]}}
,"C:\\Users\\steve\\dev\\heron-redux\\src\\pages\\Glyco\\GlycoChartsPage\\GlycoChartsPage.jsx": {"path":"C:\\Users\\steve\\dev\\heron-redux\\src\\pages\\Glyco\\GlycoChartsPage\\GlycoChartsPage.jsx","statementMap":{"0":{"start":{"line":12,"column":62},"end":{"line":12,"column":null}},"1":{"start":{"line":13,"column":36},"end":{"line":13,"column":null}},"2":{"start":{"line":14,"column":17},"end":{"line":14,"column":null}},"3":{"start":{"line":15,"column":24},"end":{"line":15,"column":null}},"4":{"start":{"line":15,"column":47},"end":{"line":15,"column":62}},"5":{"start":{"line":17,"column":27},"end":{"line":20,"column":null}},"6":{"start":{"line":19,"column":4},"end":{"line":19,"column":null}},"7":{"start":{"line":22,"column":2},"end":{"line":34,"column":null}},"8":{"start":{"line":24,"column":4},"end":{"line":32,"column":null}},"9":{"start":{"line":27,"column":6},"end":{"line":27,"column":null}},"10":{"start":{"line":28,"column":6},"end":{"line":28,"column":null}},"11":{"start":{"line":30,"column":6},"end":{"line":30,"column":null}},"12":{"start":{"line":31,"column":6},"end":{"line":31,"column":null}}},"fnMap":{"0":{"name":"GlycoChartsPage","decl":{"start":{"line":9,"column":24},"end":{"line":9,"column":null}},"loc":{"start":{"line":9,"column":24},"end":{"line":42,"column":null}}},"1":{"name":"(anonymous_1)","decl":{"start":{"line":15,"column":36},"end":{"line":15,"column":37}},"loc":{"start":{"line":15,"column":47},"end":{"line":15,"column":62}}},"2":{"name":"(anonymous_2)","decl":{"start":{"line":17,"column":27},"end":{"line":17,"column":28}},"loc":{"start":{"line":17,"column":28},"end":{"line":20,"column":null}}},"3":{"name":"(anonymous_3)","decl":{"start":{"line":22,"column":12},"end":{"line":22,"column":null}},"loc":{"start":{"line":22,"column":12},"end":{"line":34,"column":5}}}},"branchMap":{"0":{"loc":{"start":{"line":24,"column":4},"end":{"line":32,"column":null}},"type":"if","locations":[{"start":{"line":24,"column":4},"end":{"line":32,"column":null}},{"start":{"line":29,"column":11},"end":{"line":32,"column":null}}]},"1":{"loc":{"start":{"line":38,"column":4},"end":{"line":38,"column":null}},"type":"binary-expr","locations":[{"start":{"line":38,"column":4},"end":{"line":38,"column":30}},{"start":{"line":38,"column":30},"end":{"line":38,"column":null}}]}},"s":{"0":0,"1":0,"2":0,"3":0,"4":0,"5":0,"6":0,"7":0,"8":0,"9":0,"10":0,"11":0,"12":0},"f":{"0":0,"1":0,"2":0,"3":0},"b":{"0":[0,0],"1":[0,0]}}
,"C:\\Users\\steve\\dev\\heron-redux\\src\\pages\\Glyco\\GlycoFormPage\\GlycoFormPage.jsx": {"path":"C:\\Users\\steve\\dev\\heron-redux\\src\\pages\\Glyco\\GlycoFormPage\\GlycoFormPage.jsx","statementMap":{"0":{"start":{"line":16,"column":54},"end":{"line":16,"column":null}},"1":{"start":{"line":17,"column":62},"end":{"line":17,"column":null}},"2":{"start":{"line":18,"column":34},"end":{"line":18,"column":null}},"3":{"start":{"line":19,"column":44},"end":{"line":19,"column":null}},"4":{"start":{"line":20,"column":64},"end":{"line":20,"column":null}},"5":{"start":{"line":21,"column":57},"end":{"line":21,"column":null}},"6":{"start":{"line":22,"column":24},"end":{"line":22,"column":null}},"7":{"start":{"line":22,"column":47},"end":{"line":22,"column":62}},"8":{"start":{"line":25,"column":19},"end":{"line":25,"column":null}},"9":{"start":{"line":26,"column":19},"end":{"line":26,"column":null}},"10":{"start":{"line":28,"column":34},"end":{"line":33,"column":null}},"11":{"start":{"line":29,"column":4},"end":{"line":29,"column":null}},"12":{"start":{"line":30,"column":4},"end":{"line":30,"column":null}},"13":{"start":{"line":31,"column":4},"end":{"line":31,"column":null}},"14":{"start":{"line":32,"column":4},"end":{"line":32,"column":null}},"15":{"start":{"line":35,"column":38},"end":{"line":42,"column":null}},"16":{"start":{"line":37,"column":4},"end":{"line":37,"column":null}},"17":{"start":{"line":39,"column":4},"end":{"line":39,"column":null}},"18":{"start":{"line":40,"column":4},"end":{"line":40,"column":null}},"19":{"start":{"line":41,"column":4},"end":{"line":41,"column":null}},"20":{"start":{"line":44,"column":32},"end":{"line":47,"column":null}},"21":{"start":{"line":45,"column":4},"end":{"line":45,"column":null}},"22":{"start":{"line":46,"column":4},"end":{"line":46,"column":null}},"23":{"start":{"line":49,"column":21},"end":{"line":53,"column":null}},"24":{"start":{"line":50,"column":4},"end":{"line":50,"column":null}},"25":{"start":{"line":51,"column":4},"end":{"line":51,"column":null}},"26":{"start":{"line":52,"column":4},"end":{"line":52,"column":null}},"27":{"start":{"line":55,"column":21},"end":{"line":87,"column":null}},"28":{"start":{"line":56,"column":25},"end":{"line":56,"column":42}},"29":{"start":{"line":57,"column":4},"end":{"line":60,"column":null}},"30":{"start":{"line":58,"column":6},"end":{"line":58,"column":null}},"31":{"start":{"line":59,"column":6},"end":{"line":59,"column":null}},"32":{"start":{"line":62,"column":4},"end":{"line":67,"column":null}},"33":{"start":{"line":63,"column":8},"end":{"line":63,"column":null}},"34":{"start":{"line":64,"column":8},"end":{"line":64,"column":null}},"35":{"start":{"line":66,"column":8},"end":{"line":66,"column":null}},"36":{"start":{"line":71,"column":6},"end":{"line":83,"column":null}},"37":{"start":{"line":72,"column":8},"end":{"line":81,"column":null}},"38":{"start":{"line":75,"column":23},"end":{"line":75,"column":null}},"39":{"start":{"line":76,"column":33},"end":{"line":79,"column":null}},"40":{"start":{"line":78,"column":22},"end":{"line":78,"column":null}},"41":{"start":{"line":79,"column":18},"end":{"line":79,"column":null}},"42":{"start":{"line":89,"column":24},"end":{"line":106,"column":null}},"43":{"start":{"line":90,"column":4},"end":{"line":90,"column":null}},"44":{"start":{"line":91,"column":4},"end":{"line":91,"column":null}},"45":{"start":{"line":94,"column":4},"end":{"line":98,"column":null}},"46":{"start":{"line":95,"column":6},"end":{"line":95,"column":null}},"47":{"start":{"line":97,"column":6},"end":{"line":97,"column":null}},"48":{"start":{"line":101,"column":4},"end":{"line":105,"column":null}},"49":{"start":{"line":104,"column":8},"end":{"line":104,"column":null}},"50":{"start":{"line":108,"column":23},"end":{"line":111,"column":null}},"51":{"start":{"line":109,"column":4},"end":{"line":109,"column":null}},"52":{"start":{"line":110,"column":4},"end":{"line":110,"column":null}},"53":{"start":{"line":113,"column":2},"end":{"line":119,"column":null}},"54":{"start":{"line":114,"column":4},"end":{"line":114,"column":null}},"55":{"start":{"line":116,"column":4},"end":{"line":118,"column":null}},"56":{"start":{"line":117,"column":6},"end":{"line":117,"column":null}}},"fnMap":{"0":{"name":"GlycoFormPage","decl":{"start":{"line":15,"column":24},"end":{"line":15,"column":null}},"loc":{"start":{"line":15,"column":24},"end":{"line":195,"column":null}}},"1":{"name":"(anonymous_1)","decl":{"start":{"line":22,"column":36},"end":{"line":22,"column":37}},"loc":{"start":{"line":22,"column":47},"end":{"line":22,"column":62}}},"2":{"name":"(anonymous_2)","decl":{"start":{"line":28,"column":34},"end":{"line":28,"column":35}},"loc":{"start":{"line":28,"column":35},"end":{"line":33,"column":null}}},"3":{"name":"(anonymous_3)","decl":{"start":{"line":35,"column":38},"end":{"line":35,"column":null}},"loc":{"start":{"line":35,"column":38},"end":{"line":42,"column":null}}},"4":{"name":"(anonymous_4)","decl":{"start":{"line":44,"column":32},"end":{"line":44,"column":null}},"loc":{"start":{"line":44,"column":32},"end":{"line":47,"column":null}}},"5":{"name":"(anonymous_5)","decl":{"start":{"line":49,"column":21},"end":{"line":49,"column":null}},"loc":{"start":{"line":49,"column":21},"end":{"line":53,"column":null}}},"6":{"name":"(anonymous_6)","decl":{"start":{"line":55,"column":21},"end":{"line":55,"column":22}},"loc":{"start":{"line":55,"column":22},"end":{"line":87,"column":null}}},"7":{"name":"(anonymous_7)","decl":{"start":{"line":71,"column":31},"end":{"line":71,"column":null}},"loc":{"start":{"line":71,"column":31},"end":{"line":83,"column":null}}},"8":{"name":"(anonymous_8)","decl":{"start":{"line":75,"column":17},"end":{"line":75,"column":23}},"loc":{"start":{"line":75,"column":23},"end":{"line":75,"column":null}}},"9":{"name":"(anonymous_9)","decl":{"start":{"line":76,"column":20},"end":{"line":76,"column":21}},"loc":{"start":{"line":76,"column":33},"end":{"line":79,"column":null}}},"10":{"name":"(anonymous_10)","decl":{"start":{"line":78,"column":12},"end":{"line":78,"column":13}},"loc":{"start":{"line":78,"column":22},"end":{"line":78,"column":null}}},"11":{"name":"(anonymous_11)","decl":{"start":{"line":79,"column":12},"end":{"line":79,"column":18}},"loc":{"start":{"line":79,"column":18},"end":{"line":79,"column":null}}},"12":{"name":"(anonymous_12)","decl":{"start":{"line":89,"column":24},"end":{"line":89,"column":25}},"loc":{"start":{"line":89,"column":25},"end":{"line":106,"column":null}}},"13":{"name":"(anonymous_13)","decl":{"start":{"line":108,"column":23},"end":{"line":108,"column":null}},"loc":{"start":{"line":108,"column":23},"end":{"line":111,"column":null}}},"14":{"name":"(anonymous_14)","decl":{"start":{"line":113,"column":12},"end":{"line":113,"column":null}},"loc":{"start":{"line":113,"column":12},"end":{"line":119,"column":5}}},"15":{"name":"(anonymous_15)","decl":{"start":{"line":116,"column":11},"end":{"line":116,"column":null}},"loc":{"start":{"line":116,"column":11},"end":{"line":118,"column":null}}}},"branchMap":{"0":{"loc":{"start":{"line":57,"column":4},"end":{"line":60,"column":null}},"type":"if","locations":[{
[...]
,"column":null}},"loc":{"start":{"line":166,"column":12},"end":{"line":176,"column":5}}},"17":{"name":"(anonymous_19)","decl":{"start":{"line":173,"column":11},"end":{"line":173,"column":null}},"loc":{"start":{"line":173,"column":11},"end":{"line":175,"column":null}}},"18":{"name":"(anonymous_20)","decl":{"start":{"line":239,"column":24},"end":{"line":239,"column":25}},"loc":{"start":{"line":239,"column":31},"end":{"line":239,"column":null}}},"19":{"name":"(anonymous_21)","decl":{"start":{"line":283,"column":26},"end":{"line":283,"column":32}},"loc":{"start":{"line":283,"column":32},"end":{"line":283,"column":null}}},"20":{"name":"(anonymous_22)","decl":{"start":{"line":312,"column":27},"end":{"line":312,"column":28}},"loc":{"start":{"line":312,"column":34},"end":{"line":312,"column":null}}},"21":{"name":"(anonymous_23)","decl":{"start":{"line":325,"column":26},"end":{"line":325,"column":27}},"loc":{"start":{"line":325,"column":33},"end":{"line":325,"column":null}}}},"branchMap":{"0":{"loc":{"start":{"line":39,"column":4},"end":{"line":41,"column":null}},"type":"cond-expr","locations":[{"start":{"line":40,"column":8},"end":{"line":40,"column":null}},{"start":{"line":41,"column":8},"end":{"line":41,"column":null}}]},"1":{"loc":{"start":{"line":68,"column":4},"end":{"line":71,"column":null}},"type":"if","locations":[{"start":{"line":68,"column":4},"end":{"line":71,"column":null}}]},"2":{"loc":{"start":{"line":73,"column":4},"end":{"line":78,"column":null}},"type":"if","locations":[{"start":{"line":73,"column":4},"end":{"line":78,"column":null}},{"start":{"line":76,"column":11},"end":{"line":78,"column":null}}]},"3":{"loc":{"start":{"line":73,"column":8},"end":{"line":73,"column":78}},"type":"binary-expr","locations":[{"start":{"line":73,"column":8},"end":{"line":73,"column":24}},{"start":{"line":73,"column":24},"end":{"line":73,"column":78}}]},"4":{"loc":{"start":{"line":113,"column":4},"end":{"line":116,"column":null}},"type":"if","locations":[{"start":{"line":113,"column":4},"end":{"line":116,"column":null}}]},"5":{"loc":{"start":{"line":119,"column":4},"end":{"line":124,"column":null}},"type":"if","locations":[{"start":{"line":119,"column":4},"end":{"line":124,"column":null}}]},"6":{"loc":{"start":{"line":127,"column":4},"end":{"line":154,"column":null}},"type":"if","locations":[{"start":{"line":127,"column":4},"end":{"line":154,"column":null}}]},"7":{"loc":{"start":{"line":127,"column":8},"end":{"line":127,"column":54}},"type":"binary-expr","locations":[{"start":{"line":127,"column":8},"end":{"line":127,"column":30}},{"start":{"line":127,"column":30},"end":{"line":127,"column":54}}]},"8":{"loc":{"start":{"line":130,"column":6},"end":{"line":153,"column":null}},"type":"if","locations":[{"start":{"line":130,"column":6},"end":{"line":153,"column":null}},{"start":{"line":133,"column":13},"end":{"line":153,"column":null}}]},"9":{"loc":{"start":{"line":140,"column":8},"end":{"line":152,"column":null}},"type":"if","locations":[{"start":{"line":140,"column":8},"end":{"line":152,"column":null}},{"start":{"line":148,"column":15},"end":{"line":152,"column":null}}]},"10":{"loc":{"start":{"line":144,"column":10},"end":{"line":146,"column":null}},"type":"if","locations":[{"start":{"line":144,"column":10},"end":{"line":146,"column":null}}]},"11":{"loc":{"start":{"line":180,"column":7},"end":{"line":180,"column":null}},"type":"binary-expr","locations":[{"start":{"line":180,"column":7},"end":{"line":180,"column":20}},{"start":{"line":180,"column":20},"end":{"line":180,"column":null}}]},"12":{"loc":{"start":{"line":197,"column":11},"end":{"line":197,"column":null}},"type":"binary-expr","locations":[{"start":{"line":197,"column":11},"end":{"line":197,"column":null}}]},"13":{"loc":{"start":{"line":208,"column":11},"end":{"line":208,"column":null}},"type":"binary-expr","locations":[{"start":{"line":208,"column":11},"end":{"line":208,"column":null}}]},"14":{"loc":{"start":{"line":220,"column":11},"end":{"line":220,"column":null}},"type":"binary-expr","locations":[{"start":{"line":220,"column":11},"end":{"line":220,"column":null}}]},"15":{"loc":{"start":{"line":254,"column":11},"end":{"line":254,"column":null}},"type":"binary-expr","locations":[{"start":{"line":254,"column":11},"end":{"line":254,"column":null}}]},"16":{"loc":{"start":{"line":268,"column":15},"end":{"line":268,"column":64}},"type":"cond-expr","locations":[{"start":{"line":268,"column":51},"end":{"line":268,"column":59}},{"start":{"line":268,"column":59},"end":{"line":268,"column":64}}]},"17":{"loc":{"start":{"line":270,"column":17},"end":{"line":272,"column":49}},"type":"cond-expr","locations":[{"start":{"line":271,"column":20},"end":{"line":271,"column":null}},{"start":{"line":272,"column":20},"end":{"line":272,"column":49}}]},"18":{"loc":{"start":{"line":275,"column":15},"end":{"line":275,"column":60}},"type":"cond-expr","locations":[{"start":{"line":275,"column":51},"end":{"line":275,"column":57}},{"start":{"line":275,"column":57},"end":{"line":275,"column":60}}]},"19":{"loc":{"start":{"line":285,"column":37},"end":{"line":285,"column":null}},"type":"cond-expr","locations":[{"start":{"line":285,"column":60},"end":{"line":285,"column":68}},{"start":{"line":285,"column":68},"end":{"line":285,"column":null}}]},"20":{"loc":{"start":{"line":289,"column":11},"end":{"line":289,"column":null}},"type":"binary-expr","locations":[{"start":{"line":289,"column":11},"end":{"line":289,"column":null}}]},"21":{"loc":{"start":{"line":302,"column":15},"end":{"line":302,"column":null}},"type":"binary-expr","locations":[{"start":{"line":302,"column":15},"end":{"line":302,"column":null}}]},"22":{"loc":{"start":{"line":317,"column":18},"end":{"line":319,"column":null}},"type":"cond-expr","locations":[{"start":{"line":318,"column":22},"end":{"line":318,"column":null}},{"start":{"line":319,"column":22},"end":{"line":319,"column":null}}]},"23":{"loc":{"start":{"line":330,"column":16},"end":{"line":335,"column":17}},"type":"cond-expr","locations":[{"start":{"line":330,"column":16},"end":{"line":335,"column":17}}]},"24":{"loc":{"start":{"line":332,"column":19},"end":{"line":332,"column":54}},"type":"cond-expr","locations":[{"start":{"line":332,"column":45},"end":{"line":332,"column":51}},{"start":{"line":332,"column":51},"end":{"line":332,"column":54}}]}},"s":{"0":3,"1":1,"2":1,"3":1,"4":1,"5":1,"6":1,"7":1,"8":1,"9":1,"10":1,"11":1,"12":9,"13":9,"14":9,"15":9,"16":9,"17":9,"18":9,"19":9,"20":9,"21":9,"22":9,"23":9,"24":15,"25":9,"26":9,"27":9,"28":9,"29":0,"30":0,"31":0,"32":9,"33":0,"34":9,"35":0,"36":0,"37":0,"38":0,"39":9,"40":1,"41":1,"42":0,"43":0,"44":1,"45":0,"46":0,"47":1,"48":1,"49":0,"50":0,"51":0,"52":0,"53":9,"54":0,"55":9,"56":0,"57":0,"58":9,"59":0,"60":9,"61":0,"62":0,"63":0,"64":0,"65":0,"66":0,"67":0,"68":0,"69":0,"70":0,"71":0,"72":0,"73":0,"74":0,"75":0,"76":0,"77":0,"78":0,"79":0,"80":0,"81":0,"82":9,"83":1,"84":1,"85":9,"86":3,"87":9,"88":3,"89":3,"90":3,"91":0,"92":0,"93":0,"94":0},"f":{"0":9,"1":15,"2":0,"3":0,"4":0,"5":1,"6":0,"7":0,"8":0,"9":0,"10":0,"11":0,"12":0,"13":0,"14":1,"15":3,"16":3,"17":3,"18":0,"19":0,"20":0,"21":0},"b":{"0":[0,9],"1":[0],"2":[0,1],"3":[1,1],"4":[0],"5":[0],"6":[0],"7":[0,0],"8":[0,0],"9":[0,0],"10":[0],"11":[9,0],"12":[9],"13":[9],"14":[9],"15":[9],"16":[3,6],"17":[6,3],"18":[3,6],"19":[9,0],"20":[9],"21":[0],"22":[0,0],"23":[0],"24":[0,0]}}
,"C:\\Users\\steve\\dev\\heron-redux\\src\\pages\\Quant\\QuantFormPage\\QuantFormPageUtils.jsx": {"path":"C:\\Users\\steve\\dev\\heron-redux\\src\\pages\\Quant\\QuantFormPage\\QuantFormPageUtils.jsx","statementMap":{"0":{"start":{"line":36,"column":13},"end":{"line":36,"column":43}},"1":{"start":{"line":3,"column":13},"end":{"line":3,"column":30}},"2":{"start":{"line":1,"column":33},"end":{"line":1,"column":null}},"3":{"start":{"line":2,"column":37},"end":{"line":2,"column":null}},"4":{"start":{"line":3,"column":33},"end":{"line":33,"column":null}},"5":{"start":{"line":5,"column":2},"end":{"line":9,"column":null}},"6":{"start":{"line":6,"column":3},"end":{"line":6,"column":null}},"7":{"start":{"line":7,"column":4},"end":{"line":7,"column":null}},"8":{"start":{"line":11,"column":2},"end":{"line":14,"column":null}},"9":{"start":{"line":12,"column":4},"end":{"line":12,"column":null}},"10":{"start":{"line":13,"column":4},"end":{"line":13,"column":null}},"11":{"start":{"line":18,"column":31},"end":{"line":18,"column":null}},"12":{"start":{"line":20,"column":2},"end":{"line":28,"column":null}},"13":{"start":{"line":22,"column":28},"end":{"line":22,"column":null}},"14":{"start":{"line":24,"column":4},"end":{"line":27,"column":null}},"15":{"start":{"line":25,"column":6},"end":{"line":25,"column":null}},"16":{"start":{"line":26,"column":6},"end":{"line":26,"column":null}},"17":{"start":{"line":31,"column":1},"end":{"line":31,"column":null}},"18":{"start":{"line":36,"column":46},"end":{"line":47,"column":null}},"19":{"start":{"line":37,"column":2},"end":{"line":39,"column":null}},"20":{"start":{"line":38,"column":4},"end":{"line":38,"column":null}},"21":{"start":{"line":40,"column":28},"end":{"line":44,"column":null}},"22":{"start":{"line":40,"column":75},"end":{"line":40,"column":null}},"23":{"start":{"line":42,"column":19},"end":{"line":42,"column":null}},"24":{"start":{"line":43,"column":4},"end":{"line":43,"column":null}},"25":{"start":{"line":46,"column":2},"end":{"line":46,"column":null}}},"fnMap":{"0":{"name":"(anonymous_3)","decl":{"start":{"line":3,"column":33},"end":{"line":3,"column":34}},"loc":{"start":{"line":3,"column":70},"end":{"line":33,"column":null}}},"1":{"name":"(anonymous_4)","decl":{"start":{"line":36,"column":46},"end":{"line":36,"column":47}},"loc":{"start":{"line":36,"column":47},"end":{"line":47,"column":null}}},"2":{"name":"(anonymous_5)","decl":{"start":{"line":40,"column":66},"end":{"line":40,"column":67}},"loc":{"start":{"line":40,"column":75},"end":{"line":40,"column":null}}},"3":{"name":"(anonymous_6)","decl":{"start":{"line":41,"column":7},"end":{"line":41,"column":8}},"loc":{"start":{"line":41,"column":8},"end":{"line":44,"column":null}}}},"branchMap":{"0":{"loc":{"start":{"line":5,"column":2},"end":{"line":9,"column":null}},"type":"if","locations":[{"start":{"line":5,"column":2},"end":{"line":9,"column":null}}]},"1":{"loc":{"start":{"line":5,"column":6},"end":{"line":5,"column":58}},"type":"binary-expr","locations":[{"start":{"line":5,"column":6},"end":{"line":5,"column":38}},{"start":{"line":5,"column":38},"end":{"line":5,"column":58}}]},"2":{"loc":{"start":{"line":11,"column":2},"end":{"line":14,"column":null}},"type":"if","locations":[{"start":{"line":11,"column":2},"end":{"line":14,"column":null}}]},"3":{"loc":{"start":{"line":24,"column":4},"end":{"line":27,"column":null}},"type":"if","locations":[{"start":{"line":24,"column":4},"end":{"line":27,"column":null}}]},"4":{"loc":{"start":{"line":37,"column":2},"end":{"line":39,"column":null}},"type":"if","locations":[{"start":{"line":37,"column":2},"end":{"line":39,"column":null}}]},"5":{"loc":{"start":{"line":37,"column":7},"end":{"line":37,"column":79}},"type":"binary-expr","locations":[{"start":{"line":37,"column":7},"end":{"line":37,"column":50}},{"start":{"line":37,"column":50},"end":{"line":37,"column":79}}]}},"s":{"0":3,"1":3,"2":3,"3":3,"4":3,"5":3,"6":0,"7":0,"8":3,"9":1,"10":1,"11":2,"12":2,"13":2,"14":2,"15":1,"16":1,"17":1,"18":3,"19":3,"20":0,"21":3,"22":10,"23":7,"24":7,"25":3},"f":{"0":3,"1":3,"2":10,"3":7},"b":{"0":[0],"1":[3,3],"2":[1],"3":[1],"4":[0],"5":[3,3]}}
,"C:\\Users\\steve\\dev\\heron-redux\\src\\pages\\Quant\\QuantTutorialPage\\QuantTutorialPage.jsx": {"path":"C:\\Users\\steve\\dev\\heron-redux\\src\\pages\\Quant\\QuantTutorialPage\\QuantTutorialPage.jsx","statementMap":{"0":{"start":{"line":4,"column":14},"end":{"line":4,"column":54}}},"fnMap":{"0":{"name":"QuantTutorialPage","decl":{"start":{"line":3,"column":24},"end":{"line":3,"column":null}},"loc":{"start":{"line":3,"column":24},"end":{"line":82,"column":null}}}},"branchMap":{},"s":{"0":0},"f":{"0":0},"b":{}}
,"C:\\Users\\steve\\dev\\heron-redux\\src\\redux\\appSlice.js": {"path":"C:\\Users\\steve\\dev\\heron-redux\\src\\redux\\appSlice.js","statementMap":{"0":{"start":{"line":6,"column":13},"end":{"line":6,"column":21}},"1":{"start":{"line":17,"column":0},"end":{"line":17,"column":15}},"2":{"start":{"line":1,"column":28},"end":{"line":1,"column":null}},"3":{"start":{"line":2,"column":22},"end":{"line":2,"column":null}},"4":{"start":{"line":6,"column":24},"end":{"line":15,"column":null}},"5":{"start":{"line":11,"column":6},"end":{"line":13,"column":null}},"6":{"start":{"line":12,"column":8},"end":{"line":12,"column":null}},"7":{"start":{"line":17,"column":15},"end":{"line":17,"column":31}}},"fnMap":{"0":{"name":"(anonymous_3)","decl":{"start":{"line":10,"column":17},"end":{"line":10,"column":18}},"loc":{"start":{"line":10,"column":18},"end":{"line":14,"column":null}}},"1":{"name":"(anonymous_4)","decl":{"start":{"line":11,"column":29},"end":{"line":11,"column":null}},"loc":{"start":{"line":11,"column":29},"end":{"line":13,"column":null}}}},"branchMap":{},"s":{"0":0,"1":2,"2":2,"3":2,"4":2,"5":2,"6":2,"7":2},"f":{"0":2,"1":2},"b":{}}
,"C:\\Users\\steve\\dev\\heron-redux\\src\\redux\\contactFormSlice.js": {"path":"C:\\Users\\steve\\dev\\heron-redux\\src\\redux\\contactFormSlice.js","statementMap":{"0":{"start":{"line":16,"column":0},"end":{"line":16,"column":15}},"1":{"start":{"line":14,"column":32},"end":{"line":14,"column":48}},"2":{"start":{"line":14,"column":15},"end":{"line":14,"column":30}},"3":{"start":{"line":1,"column":28},"end":{"line":1,"column":null}},"4":{"start":{"line":4,"column":21},"end":{"line":4,"column":null}},"5":{"start":{"line":5,"column":25},"end":{"line":12,"column":null}},"6":{"start":{"line":9,"column":36},"end":{"line":9,"column":55}},"7":{"start":{"line":10,"column":28},"end":{"line":10,"column":null}},"8":{"start":{"line":14,"column":52},"end":{"line":14,"column":76}},"9":{"start":{"line":16,"column":15},"end":{"line":16,"column":39}}},"fnMap":{"0":{"name":"(anonymous_4)","decl":{"start":{"line":9,"column":21},"end":{"line":9,"column":22}},"loc":{"start":{"line":9,"column":36},"end":{"line":9,"column":55}}},"1":{"name":"(anonymous_5)","decl":{"start":{"line":10,"column":22},"end":{"line":10,"column":28}},"loc":{"start":{"line":10,"column":28},"end":{"line":10,"column":null}}}},"branchMap":{},"s":{"0":6,"1":1,"2":4,"3":3,"4":3,"5":3,"6":4,"7":1,"8":3,"9":3},"f":{"0":4,"1":1},"b":{}}
,"C:\\Users\\steve\\dev\\heron-redux\\src\\redux\\glycoFormSlice.js": {"path":"C:\\Users\\steve\\dev\\heron-redux\\src\\redux\\glycoFormSlice.js","statementMap":{"0":{"start":{"line":18,"column":0},"end":{"line":18,"column":15}},"1":{"start":{"line":16,"column":27},"end":{"line":16,"column":41}},"2":{"start":{"line":16,"column":14},"end":{"line":16,"column":25}},"3":{"start":{"line":16,"column":43},"end":{"line":16,"column":58}},"4":{"start":{"line":1,"column":28},"end":{"line":1,"column":null}},"5":{"start":{"line":4,"column":21},"end":{"line":4,"column":null}},"6":{"start":{"line":6,"column":23},"end":{"line":14,"column":null}},"7":{"start":{"line":10,"column":26},"end":{"line":10,"column":null}},"8":{"start":{"line":11,"column":41},"end":{"line":11,"column":null}},"9":{"start":{"line":12,"column":37},"end":{"line":12,"column":null}},"10":{"start":{"line":16,"column":62},"end":{"line":16,"column":84}},"11":{"start":{"line":18,"column":15},"end":{"line":18,"column":37}}},"fnMap":{"0":{"name":"(anonymous_5)","decl":{"start":{"line":10,"column":20},"end":{"line":10,"column":26}},"loc":{"start":{"line":10,"column":26},"end":{"line":10,"column":null}}},"1":{"name":"(anonymous_6)","decl":{"start":{"line":11,"column":21},"end":{"line":11,"column":22}},"loc":{"start":{"line":11,"column":41},"end":{"line":11,"column":null}}},"2":{"name":"(anonymous_7)","decl":{"start":{"line":12,"column":17},"end":{"line":12,"column":18}},"loc":{"start":{"line":12,"column":37},"end":{"line":12,"column":null}}}},"branchMap":{},"s":{"0":5,"1":1,"2":1,"3":1,"4":3,"5":3,"6":3,"7":1,"8":1,"9":1,"10":3,"11":3},"f":{"0":1,"1":1,"2":1},"b":{}}
,"C:\\Users\\steve\\dev\\heron-redux\\src\\redux\\quantformSlice.js": {"path":"C:\\Users\\steve\\dev\\heron-redux\\src\\redux\\quantformSlice.js","statementMap":{"0":{"start":{"line":19,"column":0},"end":{"line":19,"column":15}},"1":{"start":{"line":17,"column":100},"end":{"line":17,"column":114}},"2":{"start":{"line":17,"column":34},"end":{"line":17,"column":45}},"3":{"start":{"line":17,"column":67},"end":{"line":17,"column":84}},"4":{"start":{"line":17,"column":86},"end":{"line":17,"column":98}},"5":{"start":{"line":17,"column":14},"end":{"line":17,"column":32}},"6":{"start":{"line":17,"column":47},"end":{"line":17,"column":65}},"7":{"start":{"line":1,"column":28},"end":{"line":1,"column":null}},"8":{"start":{"line":3,"column":21},"end":{"line":3,"column":null}},"9":{"start":{"line":4,"column":23},"end":{"line":15,"column":null}},"10":{"start":{"line":8,"column":44},"end":{"line":8,"column":null}},"11":{"start":{"line":9,"column":37},"end":{"line":9,"column":null}},"12":{"start":{"line":10,"column":44},"end":{"line":10,"column":null}},"13":{"start":{"line":11,"column":43},"end":{"line":11,"column":null}},"14":{"start":{"line":12,"column":33},"end":{"line":12,"column":47}},"15":{"start":{"line":13,"column":27},"end":{"line":13,"column":null}},"16":{"start":{"line":17,"column":118},"end":{"line":17,"column":140}},"17":{"start":{"line":19,"column":15},"end":{"line":19,"column":37}}},"fnMap":{"0":{"name":"(anonymous_8)","decl":{"start":{"line":8,"column":24},"end":{"line":8,"column":25}},"loc":{"start":{"line":8,"column":44},"end":{"line":8,"column":null}}},"1":{"name":"(anonymous_9)","decl":{"start":{"line":9,"column":17},"end":{"line":9,"column":18}},"loc":{"start":{"line":9,"column":37},"end":{"line":9,"column":null}}},"2":{"name":"(anonymous_10)","decl":{"start":{"line":10,"column":24},"end":{"line":10,"column":25}},"loc":{"start":{"line":10,"column":44},"end":{"line":10,"column":null}}},"3":{"name":"(anonymous_11)","decl":{"start":{"line":11,"column":23},"end":{"line":11,"column":24}},"loc":{"start":{"line":11,"column":43},"end":{"line":11,"column":null}}},"4":{"name":"(anonymous_12)","decl":{"start":{"line":12,"column":18},"end":{"line":12,"column":19}},"loc":{"start":{"line":12,"column":33},"end":{"line":12,"column":47}}},"5":{"name":"(anonymous_13)","decl":{"start":{"line":13,"column":20},"end":{"line":13,"column":27}},"loc":{"start":{"line":13,"column":27},"end":{"line":13,"column":null}}}},"branchMap":{},"s":{"0":9,"1":5,"2":1,"3":1,"4":3,"5":1,"6":1,"7":3,"8":3,"9":3,"10":1,"11":1,"12":1,"13":1,"14":3,"15":5,"16":3,"17":3},"f":{"0":1,"1":1,"2":1,"3":1,"4":3,"5":5},"b":{}}
,"C:\\Users\\steve\\dev\\heron-redux\\src\\utils\\acceptablefileformat.jsx": {"path":"C:\\Users\\steve\\dev\\heron-redux\\src\\utils\\acceptablefileformat.jsx","statementMap":{"0":{"start":{"line":1,"column":13},"end":{"line":1,"column":36}},"1":{"start":{"line":5,"column":13},"end":{"line":5,"column":37}},"2":{"start":{"line":36,"column":13},"end":{"line":36,"column":29}},"3":{"start":{"line":11,"column":13},"end":{"line":11,"column":33}},"4":{"start":{"line":39,"column":15},"end":{"line":39,"column":28}},"5":{"start":{"line":14,"column":13},"end":{"line":14,"column":33}},"6":{"start":{"line":24,"column":13},"end":{"line":24,"column":34}},"7":{"start":{"line":1,"column":39},"end":{"line":3,"column":null}},"8":{"start":{"line":5,"column":40},"end":{"line":9,"column":null}},"9":{"start":{"line":12,"column":2},"end":{"line":12,"column":null}},"10":{"start":{"line":14,"column":36},"end":{"line":22,"column":null}},"11":{"start":{"line":24,"column":37},"end":{"line":34,"column":null}},"12":{"start":{"line":37,"column":2},"end":{"line":37,"column":null}},"13":{"start":{"line":39,"column":31},"end":{"line":39,"column":null}}},"fnMap":{},"branchMap":{},"s":{"0":10,"1":0,"2":0,"3":0,"4":2,"5":2,"6":0,"7":4,"8":4,"9":4,"10":4,"11":4,"12":4,"13":4},"f":{},"b":{}}
}
