TN:
SF:src\App.js
FN:6,App
FNF:1
FNH:0
FNDA:0,App
LF:0
LH:0
BRF:0
BRH:0
end_of_record
TN:
SF:src\index.js
FNF:0
FNH:0
DA:9,0
DA:19,0
LF:2
LH:0
BRF:0
BRH:0
end_of_record
TN:
SF:src\reportWebVitals.js
FN:1,(anonymous_0)
FN:3,(anonymous_1)
FNF:2
FNH:0
FNDA:0,(anonymous_0)
FNDA:0,(anonymous_1)
DA:1,0
DA:2,0
DA:3,0
DA:4,0
DA:5,0
DA:6,0
DA:7,0
DA:8,0
LF:8
LH:0
BRDA:2,0,0,0
BRDA:2,1,0,0
BRDA:2,1,1,0
BRF:3
BRH:0
end_of_record
TN:
SF:src\store.js
FN:31,(anonymous_4)
FNF:1
FNH:1
FNDA:2,(anonymous_4)
DA:1,2
DA:2,2
DA:12,2
DA:13,2
DA:14,2
DA:16,2
DA:22,2
DA:27,2
DA:29,2
DA:32,2
DA:38,3
LF:11
LH:11
BRF:0
BRH:0
end_of_record
TN:
SF:src\components\AveragesTable\AveragesTable.jsx
FN:7,AveragesTable
FN:15,(anonymous_1)
FN:16,(anonymous_2)
FN:17,(anonymous_3)
FN:19,(anonymous_4)
FN:20,(anonymous_5)
FN:21,(anonymous_6)
FN:26,(anonymous_7)
FN:29,(anonymous_8)
FN:33,(anonymous_9)
FN:36,(anonymous_10)
FN:41,(anonymous_11)
FN:48,(anonymous_12)
FN:53,(anonymous_13)
FN:58,(anonymous_14)
FN:62,(anonymous_15)
FN:67,(anonymous_16)
FN:71,(anonymous_17)
FN:76,(anonymous_18)
FN:80,(anonymous_19)
FN:84,(anonymous_20)
FN:88,(anonymous_21)
FN:92,(anonymous_22)
FN:99,(anonymous_23)
FN:100,(anonymous_24)
FNF:25
FNH:0
FNDA:0,AveragesTable
FNDA:0,(anonymous_1)
FNDA:0,(anonymous_2)
FNDA:0,(anonymous_3)
FNDA:0,(anonymous_4)
FNDA:0,(anonymous_5)
FNDA:0,(anonymous_6)
FNDA:0,(anonymous_7)
FNDA:0,(anonymous_8)
FNDA:0,(anonymous_9)
FNDA:0,(anonymous_10)
FNDA:0,(anonymous_11)
FNDA:0,(anonymous_12)
FNDA:0,(anonymous_13)
FNDA:0,(anonymous_14)
FNDA:0,(anonymous_15)
FNDA:0,(anonymous_16)
FNDA:0,(anonymous_17)
FNDA:0,(anonymous_18)
FNDA:0,(anonymous_19)
FNDA:0,(anonymous_20)
FNDA:0,(anonymous_21)
FNDA:0,(anonymous_22)
FNDA:0,(anonymous_23)
FNDA:0,(anonymous_24)
DA:9,0
DA:10,0
DA:15,0
DA:16,0
DA:17,0
DA:19,0
DA:20,0
DA:21,0
DA:23,0
DA:26,0
DA:29,0
DA:33,0
DA:36,0
DA:41,0
DA:48,0
DA:53,0
DA:58,0
DA:62,0
DA:67,0
DA:71,0
DA:76,0
DA:80,0
DA:84,0
DA:88,0
DA:92,0
DA:99,0
DA:100,0
LF:27
LH:0
BRF:0
BRH:0
end_of_record
TN:
SF:src\components\AveragesTable\AveragesTableSubheader.jsx
FN:4,AveragesTableSubheader
FN:23,(anonymous_1)
FNF:2
FNH:0
FNDA:0,AveragesTableSubheader
FNDA:0,(anonymous_1)
DA:5,0
DA:23,0
LF:2
LH:0
BRF:0
BRH:0
end_of_record
TN:
SF:src\components\AveragesTable\averageTableUtils.js
FN:4,(anonymous_0)
FN:8,(anonymous_1)
FNF:2
FNH:0
FNDA:0,(anonymous_0)
FNDA:0,(anonymous_1)
DA:4,0
DA:5,0
DA:7,0
DA:8,0
DA:9,0
DA:24,0
DA:27,0
DA:29,0
DA:31,0
DA:33,0
DA:34,0
DA:35,0
LF:12
LH:0
BRF:0
BRH:0
end_of_record
TN:
SF:src\components\DataTable\DataTable.jsx
FN:6,CustomDataTable
FN:13,(anonymous_1)
FN:15,(anonymous_2)
FN:18,(anonymous_3)
FN:31,(anonymous_4)
FN:47,(anonymous_5)
FN:49,(anonymous_6)
FN:53,(anonymous_7)
FN:56,(anonymous_8)
FN:60,(anonymous_9)
FN:65,(anonymous_10)
FN:69,(anonymous_11)
FN:73,(anonymous_12)
FN:77,(anonymous_13)
FN:79,(anonymous_14)
FN:83,(anonymous_15)
FN:87,(anonymous_16)
FN:91,(anonymous_17)
FN:95,(anonymous_18)
FN:102,(anonymous_19)
FN:106,(anonymous_20)
FN:110,(anonymous_21)
FN:111,(anonymous_22)
FN:121,(anonymous_23)
FN:121,(anonymous_24)
FNF:25
FNH:0
FNDA:0,CustomDataTable
FNDA:0,(anonymous_1)
FNDA:0,(anonymous_2)
FNDA:0,(anonymous_3)
FNDA:0,(anonymous_4)
FNDA:0,(anonymous_5)
FNDA:0,(anonymous_6)
FNDA:0,(anonymous_7)
FNDA:0,(anonymous_8)
FNDA:0,(anonymous_9)
FNDA:0,(anonymous_10)
FNDA:0,(anonymous_11)
FNDA:0,(anonymous_12)
FNDA:0,(anonymous_13)
FNDA:0,(anonymous_14)
FNDA:0,(anonymous_15)
FNDA:0,(anonymous_16)
FNDA:0,(anonymous_17)
FNDA:0,(anonymous_18)
FNDA:0,(anonymous_19)
FNDA:0,(anonymous_20)
FNDA:0,(anonymous_21)
FNDA:0,(anonymous_22)
FNDA:0,(anonymous_23)
FNDA:0,(anonymous_24)
DA:7,0
DA:8,0
DA:13,0
DA:15,0
DA:16,0
DA:18,0
DA:19,0
DA:20,0
DA:22,0
DA:23,0
DA:25,0
DA:26,0
DA:28,0
DA:31,0
DA:32,0
DA:33,0
DA:35,0
DA:36,0
DA:38,0
DA:39,0
DA:41,0
DA:44,0
DA:47,0
DA:49,0
DA:53,0
DA:56,0
DA:60,0
DA:65,0
DA:69,0
DA:73,0
DA:77,0
DA:79,0
DA:83,0
DA:87,0
DA:91,0
DA:95,0
DA:102,0
DA:106,0
DA:110,0
DA:111,0
DA:120,0
DA:121,0
DA:127,0
LF:43
LH:0
BRDA:22,0,0,0
BRDA:25,1,0,0
BRDA:35,2,0,0
BRDA:38,3,0,0
BRF:4
BRH:0
end_of_record
TN:
SF:src\components\ExportButton\ExportButton.jsx
FN:3,ExportButton
FN:6,(anonymous_1)
FNF:2
FNH:0
FNDA:0,ExportButton
FNDA:0,(anonymous_1)
DA:6,0
LF:1
LH:0
BRF:0
BRH:0
end_of_record
TN:
SF:src\components\Header\Header.jsx
FN:7,Header
FN:11,(anonymous_6)
FN:22,(anonymous_7)
FN:25,(anonymous_8)
FN:30,(anonymous_9)
FN:40,(anonymous_10)
FNF:6
FNH:6
FNDA:5,Header
FNDA:4,(anonymous_6)
FNDA:4,(anonymous_7)
FNDA:4,(anonymous_8)
FNDA:4,(anonymous_9)
FNDA:1,(anonymous_10)
DA:1,2
DA:2,2
DA:3,2
DA:4,2
DA:5,2
DA:7,4
DA:8,5
DA:9,4
DA:11,4
DA:12,4
DA:13,4
DA:17,4
DA:18,4
DA:22,4
DA:23,4
DA:25,4
DA:26,4
DA:30,4
DA:32,4
DA:40,1
LF:20
LH:20
BRDA:13,0,0,4
BRDA:65,1,0,4
BRF:2
BRH:2
end_of_record
TN:
SF:src\components\HeaderLayout\HeaderLayout.jsx
FN:5,HeaderLayout
FNF:1
FNH:1
FNDA:1,HeaderLayout
DA:1,1
DA:5,1
LF:2
LH:2
BRF:0
BRH:0
end_of_record
TN:
SF:src\components\LineCharts\LineCharts.jsx
FN:14,LineCharts
FN:22,(anonymous_1)
FN:68,(anonymous_2)
FN:72,(anonymous_3)
FN:84,(anonymous_4)
FN:87,(anonymous_5)
FN:99,(anonymous_6)
FN:101,(anonymous_7)
FN:108,(anonymous_8)
FN:109,(anonymous_9)
FNF:10
FNH:0
FNDA:0,LineCharts
FNDA:0,(anonymous_1)
FNDA:0,(anonymous_2)
FNDA:0,(anonymous_3)
FNDA:0,(anonymous_4)
FNDA:0,(anonymous_5)
FNDA:0,(anonymous_6)
FNDA:0,(anonymous_7)
FNDA:0,(anonymous_8)
FNDA:0,(anonymous_9)
DA:21,0
DA:22,0
DA:23,0
DA:24,0
DA:26,0
DA:69,0
DA:73,0
DA:85,0
DA:88,0
DA:100,0
DA:102,0
DA:108,0
DA:109,0
LF:13
LH:0
BRDA:73,0,0,0
BRDA:73,0,1,0
BRDA:85,1,0,0
BRDA:85,1,1,0
BRDA:88,2,0,0
BRDA:88,2,1,0
BRDA:100,3,0,0
BRDA:100,3,1,0
BRDA:102,4,0,0
BRDA:102,4,1,0
BRDA:108,5,0,0
BRDA:108,5,1,0
BRDA:109,6,0,0
BRDA:109,6,1,0
BRF:14
BRH:0
end_of_record
TN:
SF:src\components\LoadingSpinner\LoadingSpinner.jsx
FN:3,LoadingSpinner
FNF:1
FNH:0
FNDA:0,LoadingSpinner
DA:2,1
DA:3,0
LF:2
LH:1
BRF:0
BRH:0
end_of_record
TN:
SF:src\components\MultiColSelect\MultiColSelect.jsx
FN:3,MultiColSelect
FN:21,(anonymous_1)
FNF:2
FNH:0
FNDA:0,MultiColSelect
FNDA:0,(anonymous_1)
DA:4,0
DA:21,0
LF:2
LH:0
BRF:0
BRH:0
end_of_record
TN:
SF:src\components\PageCards\PageCards.jsx
FN:2,PageCards
FNF:1
FNH:1
FNDA:2,PageCards
DA:1,1
DA:2,2
LF:2
LH:2
BRF:0
BRH:0
end_of_record
TN:
SF:src\mappers\quant-mapper.js
FN:3,(anonymous_0)
FN:14,(anonymous_1)
FN:21,(anonymous_2)
FN:26,(anonymous_3)
FN:29,(anonymous_4)
FN:40,(anonymous_5)
FN:45,quantMapper
FN:55,(anonymous_7)
FN:60,(anonymous_8)
FN:92,(anonymous_9)
FN:98,(anonymous_10)
FN:150,(anonymous_11)
FN:173,(anonymous_12)
FN:177,(anonymous_13)
FNF:14
FNH:0
FNDA:0,(anonymous_0)
FNDA:0,(anonymous_1)
FNDA:0,(anonymous_2)
FNDA:0,(anonymous_3)
FNDA:0,(anonymous_4)
FNDA:0,(anonymous_5)
FNDA:0,quantMapper
FNDA:0,(anonymous_7)
FNDA:0,(anonymous_8)
FNDA:0,(anonymous_9)
FNDA:0,(anonymous_10)
FNDA:0,(anonymous_11)
FNDA:0,(anonymous_12)
FNDA:0,(anonymous_13)
DA:3,0
DA:4,0
DA:5,0
DA:7,0
DA:8,0
DA:10,0
DA:14,0
DA:15,0
DA:16,0
DA:18,0
DA:19,0
DA:21,0
DA:24,0
DA:26,0
DA:29,0
DA:32,0
DA:35,0
DA:37,0
DA:40,0
DA:41,0
DA:48,0
DA:49,0
DA:50,0
DA:51,0
DA:55,0
DA:57,0
DA:58,0
DA:62,0
DA:63,0
DA:64,0
DA:65,0
DA:67,0
DA:68,0
DA:70,0
DA:73,0
DA:75,0
DA:78,0
DA:79,0
DA:80,0
DA:81,0
DA:83,0
DA:87,0
DA:88,0
DA:91,0
DA:92,0
DA:97,0
DA:98,0
DA:103,0
DA:104,0
DA:107,0
DA:108,0
DA:111,0
DA:114,0
DA:117,0
DA:118,0
DA:121,0
DA:122,0
DA:129,0
DA:131,0
DA:135,0
DA:136,0
DA:137,0
DA:140,0
DA:141,0
DA:147,0
DA:149,0
DA:150,0
DA:151,0
DA:153,0
DA:157,0
DA:158,0
DA:159,0
DA:160,0
DA:161,0
DA:162,0
DA:164,0
DA:167,0
DA:171,0
DA:172,0
DA:174,0
DA:176,0
DA:178,0
DA:180,0
DA:181,0
DA:182,0
DA:183,0
DA:184,0
DA:185,0
DA:187,0
DA:189,0
DA:194,0
DA:195,0
DA:196,0
DA:202,0
LF:94
LH:0
BRDA:7,0,0,0
BRDA:7,0,1,0
BRDA:8,1,0,0
BRDA:8,1,1,0
BRDA:15,2,0,0
BRDA:64,3,0,0
BRDA:67,4,0,0
BRDA:83,5,0,0
BRDA:135,6,0,0
BRDA:147,7,0,0
BRDA:147,7,1,0
BRF:11
BRH:0
end_of_record
TN:
SF:src\pages\ContactPage\ContactPage.jsx
FN:7,ContactPage
FN:22,(anonymous_3)
FN:26,(anonymous_4)
FN:43,(anonymous_5)
FN:44,(anonymous_6)
FN:70,(anonymous_7)
FN:95,(anonymous_8)
FN:120,(anonymous_9)
FN:132,(anonymous_10)
FNF:9
FNH:3
FNDA:6,ContactPage
FNDA:1,(anonymous_3)
FNDA:2,(anonymous_4)
FNDA:0,(anonymous_5)
FNDA:0,(anonymous_6)
FNDA:0,(anonymous_7)
FNDA:0,(anonymous_8)
FNDA:0,(anonymous_9)
FNDA:0,(anonymous_10)
DA:1,1
DA:2,1
DA:3,1
DA:4,1
DA:5,1
DA:7,4
DA:9,6
DA:10,6
DA:12,6
DA:13,6
DA:15,6
DA:16,6
DA:18,6
DA:20,6
DA:22,6
DA:23,1
DA:26,6
DA:27,2
DA:30,2
DA:38,0
DA:39,0
DA:43,0
DA:44,0
DA:46,2
DA:47,2
DA:48,2
DA:70,0
DA:95,0
DA:120,0
DA:132,0
LF:30
LH:22
BRDA:30,0,0,0
BRDA:30,0,1,2
BRDA:31,1,0,2
BRDA:31,1,1,0
BRDA:31,1,2,0
BRDA:31,1,3,0
BRDA:31,1,4,0
BRDA:46,2,0,2
BRDA:46,2,1,0
BRDA:47,3,0,2
BRDA:47,3,1,0
BRDA:74,4,0,6
BRDA:100,5,0,6
BRDA:123,6,0,4
BRDA:123,6,1,2
BRDA:136,7,0,6
BRF:16
BRH:9
end_of_record
TN:
SF:src\pages\ErrorBoundary\ErrorBoundary.jsx
FN:3,(anonymous_0)
FN:8,(anonymous_1)
FN:13,(anonymous_2)
FN:22,(anonymous_3)
FNF:4
FNH:0
FNDA:0,(anonymous_0)
FNDA:0,(anonymous_1)
FNDA:0,(anonymous_2)
FNDA:0,(anonymous_3)
DA:4,0
DA:5,0
DA:10,0
DA:23,0
DA:25,0
DA:28,0
LF:6
LH:0
BRDA:23,0,0,0
BRF:1
BRH:0
end_of_record
TN:
SF:src\pages\GlycoFormPage\GlycoFormPage.jsx
FN:15,GlycoFormPage
FN:34,(anonymous_1)
FN:46,(anonymous_2)
FN:47,(anonymous_3)
FN:54,(anonymous_4)
FN:58,(anonymous_5)
FN:64,(anonymous_6)
FN:68,(anonymous_7)
FN:109,(anonymous_8)
FN:114,(anonymous_9)
FN:240,(anonymous_10)
FN:253,(anonymous_11)
FNF:12
FNH:0
FNDA:0,GlycoFormPage
FNDA:0,(anonymous_1)
FNDA:0,(anonymous_2)
FNDA:0,(anonymous_3)
FNDA:0,(anonymous_4)
FNDA:0,(anonymous_5)
FNDA:0,(anonymous_6)
FNDA:0,(anonymous_7)
FNDA:0,(anonymous_8)
FNDA:0,(anonymous_9)
FNDA:0,(anonymous_10)
FNDA:0,(anonymous_11)
DA:16,0
DA:17,0
DA:18,0
DA:19,0
DA:20,0
DA:21,0
DA:22,0
DA:23,0
DA:24,0
DA:25,0
DA:26,0
DA:27,0
DA:29,0
DA:31,0
DA:32,0
DA:34,0
DA:35,0
DA:37,0
DA:38,0
DA:40,0
DA:43,0
DA:46,0
DA:54,0
DA:55,0
DA:58,0
DA:59,0
DA:60,0
DA:61,0
DA:64,0
DA:65,0
DA:68,0
DA:69,0
DA:70,0
DA:72,0
DA:73,0
DA:74,0
DA:77,0
DA:80,0
DA:82,0
DA:83,0
DA:85,0
DA:89,0
DA:93,0
DA:96,0
DA:101,0
DA:109,0
DA:111,0
DA:114,0
DA:115,0
DA:240,0
DA:253,0
LF:51
LH:0
BRDA:37,0,0,0
BRDA:37,0,1,0
BRDA:37,1,0,0
BRDA:37,1,1,0
BRDA:72,2,0,0
BRDA:80,3,0,0
BRDA:80,4,0,0
BRDA:80,4,1,0
BRDA:80,4,2,0
BRDA:82,5,0,0
BRDA:89,6,0,0
BRDA:93,7,0,0
BRDA:93,7,1,0
BRDA:134,8,0,0
BRDA:145,9,0,0
BRDA:157,10,0,0
BRDA:189,11,0,0
BRDA:205,12,0,0
BRDA:205,12,1,0
BRDA:207,13,0,0
BRDA:207,13,1,0
BRDA:214,14,0,0
BRDA:214,14,1,0
BRDA:218,15,0,0
BRDA:230,16,0,0
BRDA:245,17,0,0
BRDA:245,17,1,0
BRDA:258,18,0,0
BRDA:260,19,0,0
BRDA:260,19,1,0
BRF:30
BRH:0
end_of_record
TN:
SF:src\pages\HomePage\HomePage.jsx
FN:5,HomePage
FN:8,(anonymous_3)
FN:15,(anonymous_4)
FN:24,(anonymous_5)
FN:27,(anonymous_6)
FN:32,(anonymous_7)
FN:33,(anonymous_8)
FNF:7
FNH:6
FNDA:2,HomePage
FNDA:1,(anonymous_3)
FNDA:0,(anonymous_4)
FNDA:2,(anonymous_5)
FNDA:2,(anonymous_6)
FNDA:2,(anonymous_7)
FNDA:2,(anonymous_8)
DA:1,1
DA:2,1
DA:3,1
DA:4,1
DA:5,2
DA:6,2
DA:8,2
DA:9,1
DA:10,1
DA:15,2
DA:16,0
DA:17,0
DA:24,2
DA:25,2
DA:27,2
DA:28,2
DA:32,2
DA:33,2
DA:34,2
LF:19
LH:17
BRDA:9,0,0,1
BRDA:9,1,0,1
BRDA:9,1,1,1
BRF:3
BRH:3
end_of_record
TN:
SF:src\pages\PageLayout\PageLayout.jsx
FN:16,PageLayout
FNF:1
FNH:0
FNDA:0,PageLayout
LF:0
LH:0
BRF:0
BRH:0
end_of_record
TN:
SF:src\pages\QuantChartsPage\QuantChartsPage.jsx
FN:15,QuantChartsPage
FN:27,(anonymous_1)
FN:33,(anonymous_2)
FN:34,(anonymous_3)
FN:40,(anonymous_4)
FN:49,(anonymous_5)
FN:56,(anonymous_6)
FN:59,(anonymous_7)
FN:67,(anonymous_8)
FN:72,(anonymous_9)
FN:85,(anonymous_10)
FN:90,(anonymous_11)
FN:92,(anonymous_12)
FN:106,(anonymous_13)
FN:114,(anonymous_14)
FN:120,(anonymous_15)
FNF:16
FNH:0
FNDA:0,QuantChartsPage
FNDA:0,(anonymous_1)
FNDA:0,(anonymous_2)
FNDA:0,(anonymous_3)
FNDA:0,(anonymous_4)
FNDA:0,(anonymous_5)
FNDA:0,(anonymous_6)
FNDA:0,(anonymous_7)
FNDA:0,(anonymous_8)
FNDA:0,(anonymous_9)
FNDA:0,(anonymous_10)
FNDA:0,(anonymous_11)
FNDA:0,(anonymous_12)
FNDA:0,(anonymous_13)
FNDA:0,(anonymous_14)
FNDA:0,(anonymous_15)
DA:16,0
DA:18,0
DA:19,0
DA:20,0
DA:25,0
DA:27,0
DA:29,0
DA:31,0
DA:33,0
DA:34,0
DA:35,0
DA:36,0
DA:39,0
DA:41,0
DA:49,0
DA:50,0
DA:51,0
DA:52,0
DA:56,0
DA:57,0
DA:59,0
DA:60,0
DA:61,0
DA:65,0
DA:67,0
DA:68,0
DA:72,0
DA:77,0
DA:78,0
DA:85,0
DA:87,0
DA:90,0
DA:91,0
DA:92,0
DA:106,0
DA:115,0
DA:121,0
LF:37
LH:0
BRDA:50,0,0,0
BRDA:50,1,0,0
BRDA:50,1,1,0
BRDA:60,2,0,0
BRDA:60,3,0,0
BRDA:60,3,1,0
BRDA:77,4,0,0
BRDA:77,5,0,0
BRDA:77,5,1,0
BRDA:114,6,0,0
BRDA:121,7,0,0
BRDA:121,7,1,0
BRF:12
BRH:0
end_of_record
TN:
SF:src\pages\QuantChartsPage\worker\worker-helper.js
FN:3,loadWorker
FNF:1
FNH:0
FNDA:0,loadWorker
DA:4,0
DA:5,0
DA:7,0
LF:3
LH:0
BRF:0
BRH:0
end_of_record
TN:
SF:src\pages\QuantChartsPage\worker\worker.js
FN:4,(anonymous_0)
FN:7,(anonymous_1)
FN:25,(anonymous_2)
FNF:3
FNH:0
FNDA:0,(anonymous_0)
FNDA:0,(anonymous_1)
FNDA:0,(anonymous_2)
DA:7,0
DA:8,0
DA:9,0
DA:12,0
DA:17,0
DA:22,0
DA:25,0
DA:26,0
DA:27,0
DA:29,0
DA:30,0
DA:32,0
DA:34,0
DA:35,0
DA:36,0
DA:39,0
LF:16
LH:0
BRDA:9,0,0,0
BRDA:26,1,0,0
BRDA:29,2,0,0
BRDA:35,3,0,0
BRF:4
BRH:0
end_of_record
TN:
SF:src\pages\QuantFormPage\QuantFormPage.jsx
FN:20,QuantFormPage
FN:32,(anonymous_3)
FN:41,(anonymous_4)
FN:46,(anonymous_5)
FN:50,(anonymous_6)
FN:59,(anonymous_7)
FN:77,(anonymous_8)
FN:78,(anonymous_9)
FN:81,(anonymous_10)
FN:82,(anonymous_11)
FN:89,(anonymous_12)
FN:93,(anonymous_13)
FN:98,(anonymous_14)
FN:102,(anonymous_15)
FN:151,(anonymous_16)
FN:156,(anonymous_17)
FN:160,(anonymous_18)
FN:167,(anonymous_19)
FN:233,(anonymous_20)
FN:298,(anonymous_21)
FN:311,(anonymous_22)
FNF:21
FNH:7
FNDA:10,QuantFormPage
FNDA:15,(anonymous_3)
FNDA:0,(anonymous_4)
FNDA:0,(anonymous_5)
FNDA:0,(anonymous_6)
FNDA:1,(anonymous_7)
FNDA:0,(anonymous_8)
FNDA:0,(anonymous_9)
FNDA:0,(anonymous_10)
FNDA:0,(anonymous_11)
FNDA:0,(anonymous_12)
FNDA:0,(anonymous_13)
FNDA:0,(anonymous_14)
FNDA:0,(anonymous_15)
FNDA:1,(anonymous_16)
FNDA:3,(anonymous_17)
FNDA:3,(anonymous_18)
FNDA:3,(anonymous_19)
FNDA:0,(anonymous_20)
FNDA:0,(anonymous_21)
FNDA:0,(anonymous_22)
DA:1,1
DA:2,1
DA:3,1
DA:4,1
DA:5,1
DA:6,1
DA:12,1
DA:13,1
DA:17,1
DA:18,1
DA:19,1
DA:20,3
DA:21,10
DA:22,9
DA:23,9
DA:24,9
DA:25,9
DA:26,9
DA:27,9
DA:28,9
DA:29,9
DA:30,9
DA:31,9
DA:32,15
DA:34,9
DA:38,9
DA:39,9
DA:41,9
DA:42,0
DA:43,0
DA:46,9
DA:47,0
DA:50,9
DA:52,0
DA:54,0
DA:55,0
DA:56,0
DA:59,9
DA:60,1
DA:62,1
DA:63,0
DA:64,0
DA:67,1
DA:68,0
DA:69,0
DA:71,1
DA:74,1
DA:77,0
DA:79,0
DA:81,0
DA:82,0
DA:89,9
DA:90,0
DA:93,9
DA:94,0
DA:95,0
DA:98,9
DA:99,0
DA:102,9
DA:103,0
DA:104,0
DA:107,0
DA:108,0
DA:109,0
DA:113,0
DA:116,0
DA:117,0
DA:121,0
DA:122,0
DA:124,0
DA:126,0
DA:131,0
DA:134,0
DA:137,0
DA:138,0
DA:139,0
DA:141,0
DA:143,0
DA:144,0
DA:145,0
DA:151,9
DA:152,1
DA:153,1
DA:156,9
DA:157,3
DA:160,9
DA:165,3
DA:167,3
DA:168,3
DA:233,0
DA:298,0
DA:311,0
LF:92
LH:49
BRDA:34,0,0,0
BRDA:34,0,1,9
BRDA:62,1,0,0
BRDA:67,2,0,0
BRDA:67,2,1,1
BRDA:67,3,0,1
BRDA:67,3,1,1
BRDA:107,4,0,0
BRDA:113,5,0,0
BRDA:121,6,0,0
BRDA:121,7,0,0
BRDA:121,7,1,0
BRDA:121,7,2,0
BRDA:124,8,0,0
BRDA:124,8,1,0
BRDA:134,9,0,0
BRDA:134,9,1,0
BRDA:138,10,0,0
BRDA:174,11,0,9
BRDA:174,11,1,0
BRDA:190,12,0,9
BRDA:201,13,0,9
BRDA:213,14,0,9
BRDA:248,15,0,9
BRDA:262,16,0,3
BRDA:262,16,1,6
BRDA:263,17,0,6
BRDA:263,17,1,3
BRDA:265,18,0,3
BRDA:265,18,1,6
BRDA:272,19,0,9
BRDA:272,19,1,0
BRDA:276,20,0,9
BRDA:288,21,0,0
BRDA:303,22,0,0
BRDA:303,22,1,0
BRDA:316,23,0,0
BRDA:318,24,0,0
BRDA:318,24,1,0
BRF:39
BRH:17
end_of_record
TN:
SF:src\pages\QuantFormPage\QuantFormPageUtils.jsx
FN:3,(anonymous_3)
FN:16,(anonymous_4)
FN:16,(anonymous_5)
FN:28,(anonymous_6)
FN:32,(anonymous_7)
FN:33,(anonymous_8)
FNF:6
FNH:6
FNDA:3,(anonymous_3)
FNDA:4,(anonymous_4)
FNDA:16,(anonymous_5)
FNDA:3,(anonymous_6)
FNDA:10,(anonymous_7)
FNDA:7,(anonymous_8)
DA:1,3
DA:2,3
DA:3,3
DA:5,3
DA:6,0
DA:7,0
DA:11,3
DA:12,1
DA:13,1
DA:16,16
DA:18,2
DA:19,1
DA:20,1
DA:23,1
DA:28,3
DA:29,3
DA:30,0
DA:32,10
DA:34,7
DA:35,7
DA:38,3
LF:21
LH:18
BRDA:5,0,0,0
BRDA:5,1,0,3
BRDA:5,1,1,3
BRDA:11,2,0,1
BRDA:18,3,0,1
BRDA:29,4,0,0
BRDA:29,5,0,3
BRDA:29,5,1,3
BRF:8
BRH:6
end_of_record
TN:
SF:src\redux\appSlice.js
FN:10,(anonymous_3)
FN:11,(anonymous_4)
FNF:2
FNH:2
FNDA:2,(anonymous_3)
FNDA:2,(anonymous_4)
DA:1,2
DA:2,2
DA:6,2
DA:11,2
DA:12,2
DA:17,2
LF:6
LH:6
BRF:0
BRH:0
end_of_record
TN:
SF:src\redux\quantformSlice.js
FN:8,(anonymous_8)
FN:9,(anonymous_9)
FN:10,(anonymous_10)
FN:11,(anonymous_11)
FN:12,(anonymous_12)
FN:13,(anonymous_13)
FNF:6
FNH:6
FNDA:1,(anonymous_8)
FNDA:1,(anonymous_9)
FNDA:1,(anonymous_10)
FNDA:1,(anonymous_11)
FNDA:3,(anonymous_12)
FNDA:5,(anonymous_13)
DA:1,3
DA:3,3
DA:4,3
DA:8,1
DA:9,1
DA:10,1
DA:11,1
DA:12,3
DA:13,5
DA:17,5
DA:19,9
LF:11
LH:11
BRF:0
BRH:0
end_of_record
TN:
SF:src\utils\acceptablefileformat.jsx
FNF:0
FNH:0
DA:1,10
DA:7,0
DA:8,4
DA:10,16
DA:20,0
DA:21,4
DA:23,4
LF:7
LH:5
BRF:0
BRH:0
end_of_record
