TN:
SF:src\App.js
FN:5,App
FNF:1
FNH:0
FNDA:0,App
LF:0
LH:0
BRF:0
BRH:0
end_of_record
TN:
SF:src\index.js
FNF:0
FNH:0
DA:8,0
DA:18,0
LF:2
LH:0
BRF:0
BRH:0
end_of_record
TN:
SF:src\reportWebVitals.js
FN:1,(anonymous_0)
FN:3,(anonymous_1)
FNF:2
FNH:0
FNDA:0,(anonymous_0)
FNDA:0,(anonymous_1)
DA:1,0
DA:2,0
DA:3,0
DA:4,0
DA:5,0
DA:6,0
DA:7,0
DA:8,0
LF:8
LH:0
BRDA:2,0,0,0
BRDA:2,1,0,0
BRDA:2,1,1,0
BRF:3
BRH:0
end_of_record
TN:
SF:src\store.js
FN:35,(anonymous_4)
FNF:1
FNH:1
FNDA:2,(anonymous_4)
DA:1,2
DA:2,2
DA:12,2
DA:13,2
DA:14,2
DA:15,2
DA:16,2
DA:18,2
DA:24,2
DA:31,2
DA:33,2
DA:36,2
DA:42,3
LF:13
LH:13
BRF:0
BRH:0
end_of_record
TN:
SF:src\ApiService\GlycoApiService\glycoApiService.js
FN:7,(anonymous_0)
FN:14,(anonymous_1)
FN:25,(anonymous_2)
FNF:3
FNH:0
FNDA:0,(anonymous_0)
FNDA:0,(anonymous_1)
FNDA:0,(anonymous_2)
DA:7,0
DA:9,0
DA:15,0
DA:16,0
DA:17,0
DA:18,0
DA:19,0
DA:20,0
DA:23,0
DA:24,0
DA:26,0
LF:11
LH:0
BRF:0
BRH:0
end_of_record
TN:
SF:src\components\AveragesTable\AveragesTable.jsx
FN:7,AveragesTable
FN:15,(anonymous_1)
FN:16,(anonymous_2)
FN:17,(anonymous_3)
FN:19,(anonymous_4)
FN:20,(anonymous_5)
FN:21,(anonymous_6)
FN:26,(anonymous_7)
FN:29,(anonymous_8)
FN:33,(anonymous_9)
FN:36,(anonymous_10)
FN:41,(anonymous_11)
FN:48,(anonymous_12)
FN:53,(anonymous_13)
FN:58,(anonymous_14)
FN:62,(anonymous_15)
FN:67,(anonymous_16)
FN:71,(anonymous_17)
FN:76,(anonymous_18)
FN:80,(anonymous_19)
FN:84,(anonymous_20)
FN:88,(anonymous_21)
FN:92,(anonymous_22)
FN:99,(anonymous_23)
FN:100,(anonymous_24)
FNF:25
FNH:0
FNDA:0,AveragesTable
FNDA:0,(anonymous_1)
FNDA:0,(anonymous_2)
FNDA:0,(anonymous_3)
FNDA:0,(anonymous_4)
FNDA:0,(anonymous_5)
FNDA:0,(anonymous_6)
FNDA:0,(anonymous_7)
FNDA:0,(anonymous_8)
FNDA:0,(anonymous_9)
FNDA:0,(anonymous_10)
FNDA:0,(anonymous_11)
FNDA:0,(anonymous_12)
FNDA:0,(anonymous_13)
FNDA:0,(anonymous_14)
FNDA:0,(anonymous_15)
FNDA:0,(anonymous_16)
FNDA:0,(anonymous_17)
FNDA:0,(anonymous_18)
FNDA:0,(anonymous_19)
FNDA:0,(anonymous_20)
FNDA:0,(anonymous_21)
FNDA:0,(anonymous_22)
FNDA:0,(anonymous_23)
FNDA:0,(anonymous_24)
DA:7,0
DA:9,0
DA:10,0
DA:15,0
DA:16,0
DA:17,0
DA:19,0
DA:20,0
DA:21,0
DA:23,0
DA:26,0
DA:29,0
DA:33,0
DA:36,0
DA:41,0
DA:48,0
DA:53,0
DA:58,0
DA:62,0
DA:67,0
DA:71,0
DA:76,0
DA:80,0
DA:84,0
DA:88,0
DA:92,0
DA:99,0
DA:100,0
LF:28
LH:0
BRF:0
BRH:0
end_of_record
TN:
SF:src\components\AveragesTable\AveragesTableSubheader.jsx
FN:4,AveragesTableSubheader
FN:23,(anonymous_1)
FNF:2
FNH:0
FNDA:0,AveragesTableSubheader
FNDA:0,(anonymous_1)
DA:5,0
DA:23,0
LF:2
LH:0
BRF:0
BRH:0
end_of_record
TN:
SF:src\components\AveragesTable\averageTableUtils.js
FN:4,(anonymous_0)
FN:8,(anonymous_1)
FNF:2
FNH:0
FNDA:0,(anonymous_0)
FNDA:0,(anonymous_1)
DA:4,0
DA:5,0
DA:7,0
DA:8,0
DA:9,0
DA:24,0
DA:27,0
DA:29,0
DA:31,0
DA:33,0
DA:34,0
DA:35,0
LF:12
LH:0
BRF:0
BRH:0
end_of_record
TN:
SF:src\components\DataTable\DataTable.jsx
FN:6,CustomDataTable
FN:13,(anonymous_1)
FN:15,(anonymous_2)
FN:18,(anonymous_3)
FN:31,(anonymous_4)
FN:47,(anonymous_5)
FN:49,(anonymous_6)
FN:53,(anonymous_7)
FN:56,(anonymous_8)
FN:60,(anonymous_9)
FN:65,(anonymous_10)
FN:69,(anonymous_11)
FN:73,(anonymous_12)
FN:77,(anonymous_13)
FN:79,(anonymous_14)
FN:83,(anonymous_15)
FN:87,(anonymous_16)
FN:91,(anonymous_17)
FN:95,(anonymous_18)
FN:102,(anonymous_19)
FN:106,(anonymous_20)
FN:110,(anonymous_21)
FN:111,(anonymous_22)
FN:121,(anonymous_23)
FN:121,(anonymous_24)
FNF:25
FNH:0
FNDA:0,CustomDataTable
FNDA:0,(anonymous_1)
FNDA:0,(anonymous_2)
FNDA:0,(anonymous_3)
FNDA:0,(anonymous_4)
FNDA:0,(anonymous_5)
FNDA:0,(anonymous_6)
FNDA:0,(anonymous_7)
FNDA:0,(anonymous_8)
FNDA:0,(anonymous_9)
FNDA:0,(anonymous_10)
FNDA:0,(anonymous_11)
FNDA:0,(anonymous_12)
FNDA:0,(anonymous_13)
FNDA:0,(anonymous_14)
FNDA:0,(anonymous_15)
FNDA:0,(anonymous_16)
FNDA:0,(anonymous_17)
FNDA:0,(anonymous_18)
FNDA:0,(anonymous_19)
FNDA:0,(anonymous_20)
FNDA:0,(anonymous_21)
FNDA:0,(anonymous_22)
FNDA:0,(anonymous_23)
FNDA:0,(anonymous_24)
DA:6,0
DA:7,0
DA:8,0
DA:13,0
DA:15,0
DA:16,0
DA:18,0
DA:19,0
DA:20,0
DA:22,0
DA:23,0
DA:25,0
DA:26,0
DA:28,0
DA:31,0
DA:32,0
DA:33,0
DA:35,0
DA:36,0
DA:38,0
DA:39,0
DA:41,0
DA:44,0
DA:47,0
DA:49,0
DA:53,0
DA:56,0
DA:60,0
DA:65,0
DA:69,0
DA:73,0
DA:77,0
DA:79,0
DA:83,0
DA:87,0
DA:91,0
DA:95,0
DA:102,0
DA:106,0
DA:110,0
DA:111,0
DA:120,0
DA:121,0
DA:125,0
LF:44
LH:0
BRDA:22,0,0,0
BRDA:25,1,0,0
BRDA:35,2,0,0
BRDA:38,3,0,0
BRF:4
BRH:0
end_of_record
TN:
SF:src\components\Dropdown\Dropdown.jsx
FN:3,Dropdown
FN:10,(anonymous_2)
FNF:2
FNH:2
FNDA:8,Dropdown
FNDA:24,(anonymous_2)
DA:1,2
DA:2,2
DA:3,8
DA:10,24
LF:4
LH:4
BRDA:8,0,0,4
BRDA:8,0,1,4
BRF:2
BRH:2
end_of_record
TN:
SF:src\components\ExportButton\ExportButton.jsx
FN:3,ExportButton
FN:6,(anonymous_1)
FNF:2
FNH:0
FNDA:0,ExportButton
FNDA:0,(anonymous_1)
DA:6,0
LF:1
LH:0
BRF:0
BRH:0
end_of_record
TN:
SF:src\components\GlycoDataTable\GlycoDataTable.jsx
FN:8,GlycoDataTable
FN:22,(anonymous_1)
FN:25,(anonymous_2)
FN:29,(anonymous_3)
FN:32,(anonymous_4)
FN:36,(anonymous_5)
FN:39,(anonymous_6)
FN:43,(anonymous_7)
FN:46,(anonymous_8)
FN:50,(anonymous_9)
FN:53,(anonymous_10)
FN:57,(anonymous_11)
FN:60,(anonymous_12)
FN:64,(anonymous_13)
FN:67,(anonymous_14)
FN:71,(anonymous_15)
FN:75,(anonymous_16)
FN:80,(anonymous_17)
FN:83,(anonymous_18)
FN:90,(anonymous_19)
FN:93,(anonymous_20)
FNF:21
FNH:0
FNDA:0,GlycoDataTable
FNDA:0,(anonymous_1)
FNDA:0,(anonymous_2)
FNDA:0,(anonymous_3)
FNDA:0,(anonymous_4)
FNDA:0,(anonymous_5)
FNDA:0,(anonymous_6)
FNDA:0,(anonymous_7)
FNDA:0,(anonymous_8)
FNDA:0,(anonymous_9)
FNDA:0,(anonymous_10)
FNDA:0,(anonymous_11)
FNDA:0,(anonymous_12)
FNDA:0,(anonymous_13)
FNDA:0,(anonymous_14)
FNDA:0,(anonymous_15)
FNDA:0,(anonymous_16)
FNDA:0,(anonymous_17)
FNDA:0,(anonymous_18)
FNDA:0,(anonymous_19)
FNDA:0,(anonymous_20)
DA:8,0
DA:12,0
DA:14,0
DA:19,0
DA:22,0
DA:25,0
DA:29,0
DA:32,0
DA:36,0
DA:39,0
DA:43,0
DA:46,0
DA:50,0
DA:53,0
DA:57,0
DA:60,0
DA:64,0
DA:67,0
DA:71,0
DA:75,0
DA:80,0
DA:83,0
DA:90,0
DA:93,0
LF:24
LH:0
BRF:0
BRH:0
end_of_record
TN:
SF:src\components\GlycoDataTable\GlycoDataTableSubheader.jsx
FN:4,GlycoDataTableSubheader
FN:24,(anonymous_1)
FNF:2
FNH:0
FNDA:0,GlycoDataTableSubheader
FNDA:0,(anonymous_1)
DA:5,0
DA:24,0
LF:2
LH:0
BRF:0
BRH:0
end_of_record
TN:
SF:src\components\GlycoDataTable\glycoTableUtils.js
FN:4,(anonymous_0)
FNF:1
FNH:0
FNDA:0,(anonymous_0)
DA:4,0
DA:5,0
LF:2
LH:0
BRF:0
BRH:0
end_of_record
TN:
SF:src\components\Header\Header.jsx
FN:6,Header
FN:19,(anonymous_6)
FN:32,(anonymous_7)
FN:35,(anonymous_8)
FN:40,(anonymous_9)
FN:51,(anonymous_10)
FNF:6
FNH:6
FNDA:4,Header
FNDA:4,(anonymous_6)
FNDA:4,(anonymous_7)
FNDA:4,(anonymous_8)
FNDA:4,(anonymous_9)
FNDA:1,(anonymous_10)
DA:1,2
DA:2,2
DA:3,2
DA:4,2
DA:6,4
DA:7,4
DA:8,4
DA:10,4
DA:19,4
DA:20,4
DA:21,4
DA:25,4
DA:29,4
DA:32,4
DA:33,4
DA:35,4
DA:36,4
DA:40,4
DA:42,4
DA:51,1
LF:20
LH:20
BRDA:21,0,0,4
BRDA:68,1,0,4
BRF:2
BRH:2
end_of_record
TN:
SF:src\components\HeaderLayout\HeaderLayout.jsx
FN:5,HeaderLayout
FNF:1
FNH:1
FNDA:1,HeaderLayout
DA:1,1
DA:5,1
LF:2
LH:2
BRF:0
BRH:0
end_of_record
TN:
SF:src\components\LineCharts\LineCharts.jsx
FN:14,LineCharts
FN:22,(anonymous_1)
FN:68,(anonymous_2)
FN:72,(anonymous_3)
FN:84,(anonymous_4)
FN:87,(anonymous_5)
FN:99,(anonymous_6)
FN:101,(anonymous_7)
FN:108,(anonymous_8)
FN:109,(anonymous_9)
FNF:10
FNH:0
FNDA:0,LineCharts
FNDA:0,(anonymous_1)
FNDA:0,(anonymous_2)
FNDA:0,(anonymous_3)
FNDA:0,(anonymous_4)
FNDA:0,(anonymous_5)
FNDA:0,(anonymous_6)
FNDA:0,(anonymous_7)
FNDA:0,(anonymous_8)
FNDA:0,(anonymous_9)
DA:21,0
DA:22,0
DA:23,0
DA:24,0
DA:26,0
DA:69,0
DA:73,0
DA:85,0
DA:88,0
DA:100,0
DA:102,0
DA:108,0
DA:109,0
LF:13
LH:0
BRDA:73,0,0,0
BRDA:73,0,1,0
BRDA:85,1,0,0
BRDA:85,1,1,0
BRDA:88,2,0,0
BRDA:88,2,1,0
BRDA:100,3,0,0
BRDA:100,3,1,0
BRDA:102,4,0,0
BRDA:102,4,1,0
BRDA:108,5,0,0
BRDA:108,5,1,0
BRDA:109,6,0,0
BRDA:109,6,1,0
BRF:14
BRH:0
end_of_record
TN:
SF:src\components\LoadingSpinner\LoadingSpinner.jsx
FN:3,LoadingSpinner
FNF:1
FNH:0
FNDA:0,LoadingSpinner
DA:2,2
DA:3,0
LF:2
LH:1
BRF:0
BRH:0
end_of_record
TN:
SF:src\components\MultiColSelect\MultiColSelect.jsx
FN:3,MultiColSelect
FN:21,(anonymous_1)
FNF:2
FNH:0
FNDA:0,MultiColSelect
FNDA:0,(anonymous_1)
DA:4,0
DA:21,0
LF:2
LH:0
BRF:0
BRH:0
end_of_record
TN:
SF:src\components\PageCards\PageCards.jsx
FN:2,PageCards
FNF:1
FNH:1
FNDA:2,PageCards
DA:1,1
DA:2,2
DA:4,2
LF:3
LH:3
BRF:0
BRH:0
end_of_record
TN:
SF:src\components\ToggleSwitch\ToggleSwitch.jsx
FN:4,ToggleSwitch
FN:13,(anonymous_2)
FNF:2
FNH:1
FNDA:6,ToggleSwitch
FNDA:0,(anonymous_2)
DA:2,1
DA:4,9
DA:13,0
LF:3
LH:2
BRF:0
BRH:0
end_of_record
TN:
SF:src\mappers\glyco-mapper.js
FN:10,(anonymous_1)
FN:12,(anonymous_2)
FNF:2
FNH:2
FNDA:1,(anonymous_1)
FNDA:3,(anonymous_2)
DA:10,1
DA:12,1
DA:13,3
DA:14,3
DA:16,3
DA:17,3
DA:19,3
LF:7
LH:7
BRDA:17,0,0,2
BRDA:17,0,1,1
BRF:2
BRH:2
end_of_record
TN:
SF:src\mappers\quant-mapper.js
FN:8,(anonymous_1)
FN:22,(anonymous_2)
FN:32,(anonymous_3)
FN:41,(anonymous_4)
FN:46,(anonymous_5)
FN:49,(anonymous_6)
FN:69,(anonymous_7)
FN:74,quantMapper
FN:81,(anonymous_9)
FN:86,(anonymous_10)
FN:119,(anonymous_11)
FN:125,(anonymous_12)
FN:173,(anonymous_13)
FN:195,(anonymous_14)
FN:199,(anonymous_15)
FNF:15
FNH:15
FNDA:9,(anonymous_1)
FNDA:2,(anonymous_2)
FNDA:4,(anonymous_3)
FNDA:4,(anonymous_4)
FNDA:6,(anonymous_5)
FNDA:27,(anonymous_6)
FNDA:9,(anonymous_7)
FNDA:2,quantMapper
FNDA:9,(anonymous_9)
FNDA:7,(anonymous_10)
FNDA:5,(anonymous_11)
FNDA:5,(anonymous_12)
FNDA:2,(anonymous_13)
FNDA:1,(anonymous_14)
FNDA:1,(anonymous_15)
DA:1,1
DA:7,1
DA:8,1
DA:9,9
DA:10,9
DA:12,9
DA:15,9
DA:19,9
DA:22,1
DA:23,2
DA:24,0
DA:32,4
DA:33,0
DA:38,2
DA:39,2
DA:41,2
DA:44,4
DA:46,4
DA:48,6
DA:49,27
DA:52,6
DA:53,4
DA:58,4
DA:62,4
DA:63,3
DA:64,3
DA:68,2
DA:69,9
DA:71,2
DA:74,2
DA:75,2
DA:76,2
DA:77,2
DA:78,2
DA:80,2
DA:83,9
DA:84,9
DA:88,7
DA:89,7
DA:90,7
DA:91,2
DA:93,5
DA:94,5
DA:96,0
DA:100,2
DA:102,2
DA:105,2
DA:106,5
DA:107,5
DA:108,5
DA:110,5
DA:114,2
DA:115,2
DA:118,2
DA:119,5
DA:124,2
DA:125,5
DA:130,2
DA:131,2
DA:134,2
DA:135,2
DA:138,2
DA:141,2
DA:144,2
DA:145,2
DA:148,2
DA:149,2
DA:154,2
DA:156,2
DA:161,2
DA:164,2
DA:167,2
DA:170,3
DA:172,2
DA:173,2
DA:174,2
DA:175,2
DA:178,2
DA:179,2
DA:180,2
DA:181,2
DA:182,2
DA:183,2
DA:184,2
DA:186,2
DA:189,2
DA:193,1
DA:194,1
DA:196,1
DA:198,1
DA:199,1
DA:201,1
DA:202,1
DA:203,1
DA:204,1
DA:205,1
DA:206,1
DA:208,1
DA:210,1
DA:215,1
DA:216,1
DA:217,1
DA:223,2
LF:103
LH:100
BRDA:12,0,0,0
BRDA:12,0,1,9
BRDA:15,1,0,0
BRDA:15,1,1,9
BRDA:23,2,0,0
BRDA:32,3,0,0
BRDA:52,4,0,4
BRDA:62,5,0,3
BRDA:90,6,0,2
BRDA:93,7,0,5
BRDA:110,8,0,2
BRDA:161,9,0,2
BRDA:170,10,0,2
BRDA:170,10,1,1
BRF:14
BRH:10
end_of_record
TN:
SF:src\pages\ContactPage\ContactError.jsx
FN:4,ContactError
FN:5,(anonymous_1)
FN:8,(anonymous_2)
FNF:3
FNH:0
FNDA:0,ContactError
FNDA:0,(anonymous_1)
FNDA:0,(anonymous_2)
DA:5,0
DA:6,0
DA:8,0
DA:9,0
DA:10,0
LF:5
LH:0
BRDA:9,0,0,0
BRF:1
BRH:0
end_of_record
TN:
SF:src\pages\ContactPage\ContactPage.jsx
FN:13,ContactPage
FN:29,(anonymous_3)
FN:34,(anonymous_4)
FN:57,(anonymous_5)
FN:58,(anonymous_6)
FN:91,(anonymous_7)
FN:116,(anonymous_8)
FN:141,(anonymous_9)
FN:153,(anonymous_10)
FNF:9
FNH:3
FNDA:6,ContactPage
FNDA:1,(anonymous_3)
FNDA:2,(anonymous_4)
FNDA:0,(anonymous_5)
FNDA:0,(anonymous_6)
FNDA:0,(anonymous_7)
FNDA:0,(anonymous_8)
FNDA:0,(anonymous_9)
FNDA:0,(anonymous_10)
DA:1,1
DA:2,1
DA:3,1
DA:4,1
DA:5,1
DA:6,1
DA:10,1
DA:11,1
DA:13,4
DA:14,6
DA:15,6
DA:17,6
DA:18,6
DA:20,6
DA:21,6
DA:22,6
DA:23,6
DA:25,6
DA:27,6
DA:29,6
DA:30,1
DA:31,1
DA:34,6
DA:35,2
DA:37,2
DA:39,2
DA:46,0
DA:48,0
DA:57,0
DA:59,0
DA:60,0
DA:63,2
DA:64,2
DA:65,2
DA:66,2
DA:91,0
DA:116,0
DA:141,0
DA:153,0
LF:39
LH:30
BRDA:39,0,0,0
BRDA:39,0,1,2
BRDA:40,1,0,2
BRDA:40,1,1,0
BRDA:40,1,2,0
BRDA:40,1,3,0
BRDA:40,1,4,0
BRDA:63,2,0,2
BRDA:63,2,1,0
BRDA:64,3,0,2
BRDA:64,3,1,0
BRDA:72,4,0,6
BRDA:72,4,1,0
BRDA:95,5,0,6
BRDA:121,6,0,6
BRDA:144,7,0,4
BRDA:144,7,1,2
BRDA:157,8,0,6
BRF:18
BRH:10
end_of_record
TN:
SF:src\pages\ContactPage\ContactSuccess.jsx
FN:5,ContactSuccess
FN:6,(anonymous_1)
FN:9,(anonymous_2)
FNF:3
FNH:0
FNDA:0,ContactSuccess
FNDA:0,(anonymous_1)
FNDA:0,(anonymous_2)
DA:6,0
DA:7,0
DA:9,0
DA:10,0
DA:11,0
LF:5
LH:0
BRDA:10,0,0,0
BRF:1
BRH:0
end_of_record
TN:
SF:src\pages\ErrorBoundary\ErrorBoundary.jsx
FN:3,(anonymous_0)
FN:8,(anonymous_1)
FN:13,(anonymous_2)
FN:22,(anonymous_3)
FNF:4
FNH:0
FNDA:0,(anonymous_0)
FNDA:0,(anonymous_1)
FNDA:0,(anonymous_2)
FNDA:0,(anonymous_3)
DA:4,0
DA:5,0
DA:10,0
DA:23,0
DA:25,0
DA:28,0
LF:6
LH:0
BRDA:23,0,0,0
BRF:1
BRH:0
end_of_record
TN:
SF:src\pages\Glyco\GlycoChartsPage\GlycoChartsPage.jsx
FN:9,GlycoChartsPage
FN:15,(anonymous_1)
FN:17,(anonymous_2)
FN:22,(anonymous_3)
FNF:4
FNH:0
FNDA:0,GlycoChartsPage
FNDA:0,(anonymous_1)
FNDA:0,(anonymous_2)
FNDA:0,(anonymous_3)
DA:12,0
DA:13,0
DA:14,0
DA:15,0
DA:17,0
DA:19,0
DA:22,0
DA:24,0
DA:27,0
DA:28,0
DA:30,0
DA:31,0
LF:12
LH:0
BRDA:24,0,0,0
BRDA:24,0,1,0
BRDA:38,1,0,0
BRDA:38,1,1,0
BRF:4
BRH:0
end_of_record
TN:
SF:src\pages\Glyco\GlycoFormPage\GlycoFormPage.jsx
FN:15,GlycoFormPage
FN:22,(anonymous_1)
FN:28,(anonymous_2)
FN:35,(anonymous_3)
FN:44,(anonymous_4)
FN:49,(anonymous_5)
FN:55,(anonymous_6)
FN:71,(anonymous_7)
FN:75,(anonymous_8)
FN:76,(anonymous_9)
FN:78,(anonymous_10)
FN:79,(anonymous_11)
FN:89,(anonymous_12)
FN:108,(anonymous_13)
FN:113,(anonymous_14)
FN:116,(anonymous_15)
FNF:16
FNH:0
FNDA:0,GlycoFormPage
FNDA:0,(anonymous_1)
FNDA:0,(anonymous_2)
FNDA:0,(anonymous_3)
FNDA:0,(anonymous_4)
FNDA:0,(anonymous_5)
FNDA:0,(anonymous_6)
FNDA:0,(anonymous_7)
FNDA:0,(anonymous_8)
FNDA:0,(anonymous_9)
FNDA:0,(anonymous_10)
FNDA:0,(anonymous_11)
FNDA:0,(anonymous_12)
FNDA:0,(anonymous_13)
FNDA:0,(anonymous_14)
FNDA:0,(anonymous_15)
DA:16,0
DA:17,0
DA:18,0
DA:19,0
DA:20,0
DA:21,0
DA:22,0
DA:25,0
DA:26,0
DA:28,0
DA:29,0
DA:30,0
DA:31,0
DA:32,0
DA:35,0
DA:37,0
DA:39,0
DA:40,0
DA:41,0
DA:44,0
DA:45,0
DA:46,0
DA:49,0
DA:50,0
DA:51,0
DA:52,0
DA:55,0
DA:56,0
DA:57,0
DA:58,0
DA:59,0
DA:62,0
DA:63,0
DA:64,0
DA:66,0
DA:71,0
DA:72,0
DA:75,0
DA:76,0
DA:78,0
DA:79,0
DA:89,0
DA:90,0
DA:91,0
DA:94,0
DA:95,0
DA:97,0
DA:101,0
DA:104,0
DA:108,0
DA:109,0
DA:110,0
DA:113,0
DA:114,0
DA:116,0
DA:117,0
LF:56
LH:0
BRDA:57,0,0,0
BRDA:62,1,0,0
BRDA:62,1,1,0
BRDA:62,2,0,0
BRDA:62,2,1,0
BRDA:94,3,0,0
BRDA:101,4,0,0
BRDA:101,5,0,0
BRDA:101,5,1,0
BRDA:101,5,2,0
BRDA:123,6,0,0
BRDA:123,6,1,0
BRDA:123,6,2,0
BRDA:140,7,0,0
BRDA:151,8,0,0
BRDA:163,9,0,0
BRF:16
BRH:0
end_of_record
TN:
SF:src\pages\Glyco\GlycoFormPage\glycoPageUtils.js
FN:3,(anonymous_0)
FN:15,(anonymous_1)
FNF:2
FNH:0
FNDA:0,(anonymous_0)
FNDA:0,(anonymous_1)
DA:3,0
DA:5,0
DA:6,0
DA:7,0
DA:10,0
DA:11,0
DA:12,0
DA:15,0
DA:18,0
DA:19,0
DA:20,0
DA:23,0
LF:12
LH:0
BRDA:5,0,0,0
BRDA:5,1,0,0
BRDA:5,1,1,0
BRDA:10,2,0,0
BRDA:18,3,0,0
BRF:5
BRH:0
end_of_record
TN:
SF:src\pages\Glyco\GlycoTutorial\GlycoTutorial.jsx
FN:3,GlycoTutorial
FNF:1
FNH:0
FNDA:0,GlycoTutorial
DA:4,0
LF:1
LH:0
BRF:0
BRH:0
end_of_record
TN:
SF:src\pages\HomePage\HomePage.jsx
FN:5,HomePage
FN:8,(anonymous_3)
FN:15,(anonymous_4)
FN:28,(anonymous_5)
FN:31,(anonymous_6)
FN:36,(anonymous_7)
FN:37,(anonymous_8)
FNF:7
FNH:6
FNDA:2,HomePage
FNDA:1,(anonymous_3)
FNDA:0,(anonymous_4)
FNDA:2,(anonymous_5)
FNDA:2,(anonymous_6)
FNDA:2,(anonymous_7)
FNDA:2,(anonymous_8)
DA:1,1
DA:2,1
DA:3,1
DA:4,1
DA:5,2
DA:6,2
DA:8,2
DA:9,1
DA:10,1
DA:15,2
DA:16,0
DA:18,0
DA:19,0
DA:21,0
DA:28,2
DA:29,2
DA:31,2
DA:32,2
DA:36,2
DA:37,2
DA:38,2
LF:21
LH:17
BRDA:9,0,0,1
BRDA:9,1,0,1
BRDA:9,1,1,1
BRDA:18,2,0,0
BRF:4
BRH:3
end_of_record
TN:
SF:src\pages\PageLayout\PageLayout.jsx
FN:24,(anonymous_0)
FN:25,PageLayout
FNF:2
FNH:0
FNDA:0,(anonymous_0)
FNDA:0,PageLayout
DA:24,0
LF:1
LH:0
BRF:0
BRH:0
end_of_record
TN:
SF:src\pages\Quant\QuantChartsPage\QuantChartsPage.jsx
FN:16,QuantChartsPage
FN:32,(anonymous_1)
FN:34,(anonymous_2)
FN:36,(anonymous_3)
FN:47,(anonymous_4)
FN:54,(anonymous_5)
FN:61,(anonymous_6)
FN:64,(anonymous_7)
FN:72,(anonymous_8)
FN:77,(anonymous_9)
FN:91,(anonymous_10)
FN:95,(anonymous_11)
FN:96,(anonymous_12)
FN:96,(anonymous_13)
FN:120,(anonymous_14)
FN:137,(anonymous_15)
FN:147,(anonymous_16)
FN:157,(anonymous_17)
FN:173,(anonymous_18)
FN:179,(anonymous_19)
FNF:20
FNH:0
FNDA:0,QuantChartsPage
FNDA:0,(anonymous_1)
FNDA:0,(anonymous_2)
FNDA:0,(anonymous_3)
FNDA:0,(anonymous_4)
FNDA:0,(anonymous_5)
FNDA:0,(anonymous_6)
FNDA:0,(anonymous_7)
FNDA:0,(anonymous_8)
FNDA:0,(anonymous_9)
FNDA:0,(anonymous_10)
FNDA:0,(anonymous_11)
FNDA:0,(anonymous_12)
FNDA:0,(anonymous_13)
FNDA:0,(anonymous_14)
FNDA:0,(anonymous_15)
FNDA:0,(anonymous_16)
FNDA:0,(anonymous_17)
FNDA:0,(anonymous_18)
FNDA:0,(anonymous_19)
DA:17,0
DA:18,0
DA:19,0
DA:20,0
DA:21,0
DA:22,0
DA:23,0
DA:24,0
DA:29,0
DA:32,0
DA:34,0
DA:36,0
DA:37,0
DA:43,0
DA:45,0
DA:47,0
DA:48,0
DA:49,0
DA:50,0
DA:54,0
DA:56,0
DA:57,0
DA:61,0
DA:62,0
DA:64,0
DA:65,0
DA:66,0
DA:70,0
DA:72,0
DA:73,0
DA:77,0
DA:82,0
DA:83,0
DA:91,0
DA:94,0
DA:95,0
DA:96,0
DA:97,0
DA:98,0
DA:100,0
DA:120,0
DA:138,0
DA:148,0
DA:158,0
DA:174,0
DA:180,0
LF:46
LH:0
BRDA:48,0,0,0
BRDA:56,1,0,0
BRDA:65,2,0,0
BRDA:65,3,0,0
BRDA:65,3,1,0
BRDA:82,4,0,0
BRDA:82,5,0,0
BRDA:82,5,1,0
BRDA:110,6,0,0
BRDA:110,6,1,0
BRDA:124,7,0,0
BRDA:142,8,0,0
BRDA:142,8,1,0
BRDA:152,9,0,0
BRDA:152,9,1,0
BRDA:162,10,0,0
BRDA:162,10,1,0
BRDA:166,11,0,0
BRDA:166,11,1,0
BRDA:173,12,0,0
BRDA:180,13,0,0
BRDA:180,13,1,0
BRF:22
BRH:0
end_of_record
TN:
SF:src\pages\Quant\QuantChartsPage\worker\worker-helper.js
FN:3,loadWorker
FNF:1
FNH:0
FNDA:0,loadWorker
DA:4,0
DA:5,0
DA:7,0
LF:3
LH:0
BRF:0
BRH:0
end_of_record
TN:
SF:src\pages\Quant\QuantChartsPage\worker\worker.js
FN:4,(anonymous_0)
FN:7,(anonymous_1)
FN:25,(anonymous_2)
FNF:3
FNH:0
FNDA:0,(anonymous_0)
FNDA:0,(anonymous_1)
FNDA:0,(anonymous_2)
DA:7,0
DA:8,0
DA:9,0
DA:12,0
DA:17,0
DA:22,0
DA:25,0
DA:26,0
DA:27,0
DA:29,0
DA:30,0
DA:32,0
DA:34,0
DA:35,0
DA:36,0
DA:39,0
LF:16
LH:0
BRDA:9,0,0,0
BRDA:26,1,0,0
BRDA:29,2,0,0
BRDA:35,3,0,0
BRF:4
BRH:0
end_of_record
TN:
SF:src\pages\Quant\QuantFormPage\QuantFormPage.jsx
FN:25,QuantFormPage
FN:37,(anonymous_3)
FN:46,(anonymous_4)
FN:52,(anonymous_5)
FN:56,(anonymous_6)
FN:65,(anonymous_7)
FN:83,(anonymous_8)
FN:84,(anonymous_9)
FN:87,(anonymous_10)
FN:88,(anonymous_11)
FN:95,(anonymous_12)
FN:99,(anonymous_13)
FN:104,(anonymous_14)
FN:108,(anonymous_15)
FN:157,(anonymous_16)
FN:162,(anonymous_17)
FN:166,(anonymous_18)
FN:173,(anonymous_19)
FN:239,(anonymous_20)
FN:283,(anonymous_21)
FN:312,(anonymous_22)
FN:325,(anonymous_23)
FNF:22
FNH:7
FNDA:9,QuantFormPage
FNDA:15,(anonymous_3)
FNDA:0,(anonymous_4)
FNDA:0,(anonymous_5)
FNDA:0,(anonymous_6)
FNDA:1,(anonymous_7)
FNDA:0,(anonymous_8)
FNDA:0,(anonymous_9)
FNDA:0,(anonymous_10)
FNDA:0,(anonymous_11)
FNDA:0,(anonymous_12)
FNDA:0,(anonymous_13)
FNDA:0,(anonymous_14)
FNDA:0,(anonymous_15)
FNDA:1,(anonymous_16)
FNDA:3,(anonymous_17)
FNDA:3,(anonymous_18)
FNDA:3,(anonymous_19)
FNDA:0,(anonymous_20)
FNDA:0,(anonymous_21)
FNDA:0,(anonymous_22)
FNDA:0,(anonymous_23)
DA:1,1
DA:2,1
DA:3,1
DA:4,1
DA:5,1
DA:10,1
DA:11,1
DA:15,1
DA:22,1
DA:23,1
DA:24,1
DA:25,3
DA:26,9
DA:27,9
DA:28,9
DA:29,9
DA:30,9
DA:31,9
DA:32,9
DA:33,9
DA:34,9
DA:35,9
DA:36,9
DA:37,15
DA:39,9
DA:43,9
DA:44,9
DA:46,9
DA:47,0
DA:48,0
DA:49,0
DA:52,9
DA:53,0
DA:56,9
DA:58,0
DA:60,0
DA:61,0
DA:62,0
DA:65,9
DA:66,1
DA:68,1
DA:69,0
DA:70,0
DA:73,1
DA:74,0
DA:75,0
DA:77,1
DA:80,1
DA:83,0
DA:85,0
DA:87,0
DA:88,0
DA:95,9
DA:96,0
DA:99,9
DA:100,0
DA:101,0
DA:104,9
DA:105,0
DA:108,9
DA:109,0
DA:110,0
DA:113,0
DA:114,0
DA:115,0
DA:119,0
DA:122,0
DA:123,0
DA:127,0
DA:128,0
DA:130,0
DA:132,0
DA:137,0
DA:140,0
DA:143,0
DA:144,0
DA:145,0
DA:147,0
DA:149,0
DA:150,0
DA:151,0
DA:157,9
DA:158,1
DA:159,1
DA:162,9
DA:163,3
DA:166,9
DA:171,3
DA:173,3
DA:174,3
DA:239,0
DA:283,0
DA:312,0
DA:325,0
LF:94
LH:49
BRDA:39,0,0,0
BRDA:39,0,1,9
BRDA:68,1,0,0
BRDA:73,2,0,0
BRDA:73,2,1,1
BRDA:73,3,0,1
BRDA:73,3,1,1
BRDA:113,4,0,0
BRDA:119,5,0,0
BRDA:127,6,0,0
BRDA:127,7,0,0
BRDA:127,7,1,0
BRDA:130,8,0,0
BRDA:130,8,1,0
BRDA:140,9,0,0
BRDA:140,9,1,0
BRDA:144,10,0,0
BRDA:180,11,0,9
BRDA:180,11,1,0
BRDA:197,12,0,9
BRDA:208,13,0,9
BRDA:220,14,0,9
BRDA:254,15,0,9
BRDA:268,16,0,3
BRDA:268,16,1,6
BRDA:270,17,0,6
BRDA:270,17,1,3
BRDA:275,18,0,3
BRDA:275,18,1,6
BRDA:285,19,0,9
BRDA:285,19,1,0
BRDA:289,20,0,9
BRDA:302,21,0,0
BRDA:317,22,0,0
BRDA:317,22,1,0
BRDA:330,23,0,0
BRDA:332,24,0,0
BRDA:332,24,1,0
BRF:38
BRH:17
end_of_record
TN:
SF:src\pages\Quant\QuantFormPage\QuantFormPageUtils.jsx
FN:3,(anonymous_3)
FN:36,(anonymous_4)
FN:40,(anonymous_5)
FN:41,(anonymous_6)
FNF:4
FNH:4
FNDA:3,(anonymous_3)
FNDA:3,(anonymous_4)
FNDA:10,(anonymous_5)
FNDA:7,(anonymous_6)
DA:1,3
DA:2,3
DA:3,3
DA:5,3
DA:6,0
DA:7,0
DA:11,3
DA:12,1
DA:13,1
DA:18,2
DA:20,2
DA:22,2
DA:24,2
DA:25,1
DA:26,1
DA:31,1
DA:36,3
DA:37,3
DA:38,0
DA:40,10
DA:42,7
DA:43,7
DA:46,3
LF:23
LH:20
BRDA:5,0,0,0
BRDA:5,1,0,3
BRDA:5,1,1,3
BRDA:11,2,0,1
BRDA:24,3,0,1
BRDA:37,4,0,0
BRDA:37,5,0,3
BRDA:37,5,1,3
BRF:8
BRH:6
end_of_record
TN:
SF:src\pages\Quant\QuantTutorialPage\QuantTutorialPage.jsx
FN:3,QuantTutorialPage
FNF:1
FNH:0
FNDA:0,QuantTutorialPage
DA:4,0
LF:1
LH:0
BRF:0
BRH:0
end_of_record
TN:
SF:src\redux\appSlice.js
FN:10,(anonymous_3)
FN:11,(anonymous_4)
FNF:2
FNH:2
FNDA:2,(anonymous_3)
FNDA:2,(anonymous_4)
DA:1,2
DA:2,2
DA:6,2
DA:11,2
DA:12,2
DA:17,2
LF:6
LH:6
BRF:0
BRH:0
end_of_record
TN:
SF:src\redux\contactFormSlice.js
FN:9,(anonymous_4)
FN:10,(anonymous_5)
FNF:2
FNH:2
FNDA:4,(anonymous_4)
FNDA:1,(anonymous_5)
DA:1,3
DA:4,3
DA:5,3
DA:9,4
DA:10,1
DA:14,4
DA:16,6
LF:7
LH:7
BRF:0
BRH:0
end_of_record
TN:
SF:src\redux\glycoFormSlice.js
FN:10,(anonymous_5)
FN:11,(anonymous_6)
FN:12,(anonymous_7)
FNF:3
FNH:3
FNDA:1,(anonymous_5)
FNDA:1,(anonymous_6)
FNDA:1,(anonymous_7)
DA:1,3
DA:4,3
DA:6,3
DA:10,1
DA:11,1
DA:12,1
DA:16,3
DA:18,5
LF:8
LH:8
BRF:0
BRH:0
end_of_record
TN:
SF:src\redux\quantformSlice.js
FN:8,(anonymous_8)
FN:9,(anonymous_9)
FN:10,(anonymous_10)
FN:11,(anonymous_11)
FN:12,(anonymous_12)
FN:13,(anonymous_13)
FNF:6
FNH:6
FNDA:1,(anonymous_8)
FNDA:1,(anonymous_9)
FNDA:1,(anonymous_10)
FNDA:1,(anonymous_11)
FNDA:3,(anonymous_12)
FNDA:5,(anonymous_13)
DA:1,3
DA:3,3
DA:4,3
DA:8,1
DA:9,1
DA:10,1
DA:11,1
DA:12,3
DA:13,5
DA:17,5
DA:19,9
LF:11
LH:11
BRF:0
BRH:0
end_of_record
TN:
SF:src\utils\acceptablefileformat.jsx
FNF:0
FNH:0
DA:1,10
DA:5,4
DA:11,0
DA:12,4
DA:14,4
DA:24,4
DA:36,0
DA:37,4
DA:39,4
LF:9
LH:7
BRF:0
BRH:0
end_of_record
